#
# A fatal error has been detected by the Java Runtime Environment:
#
#  EXCEPTION_ACCESS_VIOLATION (0xc0000005) at pc=0x00007ffa3f1df0fd, pid=6692, tid=17268
#
# JRE version: Java(TM) SE Runtime Environment 18.9 (11.0.11+9) (build 11.0.11+9-LTS-194)
# Java VM: Java HotSpot(TM) 64-Bit Server VM 18.9 (11.0.11+9-LTS-194, mixed mode, tiered, compressed oops, g1 gc, windows-amd64)
# Problematic frame:
# V  [jvm.dll+0x50f0fd]
#
# No core dump will be written. Minidumps are not enabled by default on client versions of Windows
#
# If you would like to submit a bug report, please visit:
#   https://bugreport.java.com/bugreport/crash.jsp
#

---------------  S U M M A R Y ------------

Command Line: -XX:TieredStopAtLevel=1 -Xverify:none -Dspring.output.ansi.enabled=always -javaagent:C:\Program Files\JetBrains\IntelliJ IDEA 2021.2.2\lib\idea_rt.jar=60742:C:\Program Files\JetBrains\IntelliJ IDEA 2021.2.2\bin -Dcom.sun.management.jmxremote -Dspring.jmx.enabled=true -Dspring.liveBeansView.mbeanDomain -Dspring.application.admin.enabled=true -Dfile.encoding=UTF-8 com.adopter.gallery.PaymentApplication

Host: Intel(R) Core(TM) i7-10510U CPU @ 1.80GHz, 8 cores, 15G,  Windows 10 , 64 bit Build 19041 (10.0.19041.1348)
Time: Fri Nov 19 15:01:41 2021 대한민국 표준시 elapsed time: 174.097194 seconds (0d 0h 2m 54s)

---------------  T H R E A D  ---------------

Current thread (0x0000022643924800):  JavaThread "http-nio-10002-exec-1" daemon [_thread_in_vm, id=17268, stack(0x0000007b90f00000,0x0000007b91000000)]

Stack: [0x0000007b90f00000,0x0000007b91000000],  sp=0x0000007b90ffc600,  free space=1009k
Native frames: (J=compiled Java code, j=interpreted, Vv=VM code, C=native code)
V  [jvm.dll+0x50f0fd]
V  [jvm.dll+0x3636b8]
V  [jvm.dll+0x362db4]
C  0x000002262592d0ee

Java frames: (J=compiled Java code, j=interpreted, Vv=VM code)
j  com.fasterxml.jackson.databind.util.ClassUtil.isObjectOrPrimitive(Ljava/lang/Class;)Z+8
j  com.fasterxml.jackson.databind.util.ClassUtil.findClassAnnotations(Ljava/lang/Class;)[Ljava/lang/annotation/Annotation;+1
j  com.fasterxml.jackson.databind.introspect.AnnotatedClassResolver._addClassMixIns(Lcom/fasterxml/jackson/databind/introspect/AnnotationCollector;Ljava/lang/Class;Ljava/lang/Class;)Lcom/fasterxml/jackson/databind/introspect/AnnotationCollector;+7
j  com.fasterxml.jackson.databind.introspect.AnnotatedClassResolver.resolveClassAnnotations(Ljava/util/List;)Lcom/fasterxml/jackson/databind/util/Annotations;+83
j  com.fasterxml.jackson.databind.introspect.AnnotatedClassResolver.resolveFully()Lcom/fasterxml/jackson/databind/introspect/AnnotatedClass;+72
j  com.fasterxml.jackson.databind.introspect.AnnotatedClassResolver.resolve(Lcom/fasterxml/jackson/databind/cfg/MapperConfig;Lcom/fasterxml/jackson/databind/JavaType;Lcom/fasterxml/jackson/databind/introspect/ClassIntrospector$MixInResolver;)Lcom/fasterxml/jackson/databind/introspect/AnnotatedClass;+37
j  com.fasterxml.jackson.databind.introspect.BasicClassIntrospector._resolveAnnotatedClass(Lcom/fasterxml/jackson/databind/cfg/MapperConfig;Lcom/fasterxml/jackson/databind/JavaType;Lcom/fasterxml/jackson/databind/introspect/ClassIntrospector$MixInResolver;)Lcom/fasterxml/jackson/databind/introspect/AnnotatedClass;+3
j  com.fasterxml.jackson.databind.introspect.BasicClassIntrospector._findStdJdkCollectionDesc(Lcom/fasterxml/jackson/databind/cfg/MapperConfig;Lcom/fasterxml/jackson/databind/JavaType;)Lcom/fasterxml/jackson/databind/introspect/BasicBeanDescription;+14
j  com.fasterxml.jackson.databind.introspect.BasicClassIntrospector.forSerialization(Lcom/fasterxml/jackson/databind/SerializationConfig;Lcom/fasterxml/jackson/databind/JavaType;Lcom/fasterxml/jackson/databind/introspect/ClassIntrospector$MixInResolver;)Lcom/fasterxml/jackson/databind/introspect/BasicBeanDescription;+16
j  com.fasterxml.jackson.databind.introspect.BasicClassIntrospector.forSerialization(Lcom/fasterxml/jackson/databind/SerializationConfig;Lcom/fasterxml/jackson/databind/JavaType;Lcom/fasterxml/jackson/databind/introspect/ClassIntrospector$MixInResolver;)Lcom/fasterxml/jackson/databind/BeanDescription;+4
j  com.fasterxml.jackson.databind.SerializationConfig.introspect(Lcom/fasterxml/jackson/databind/JavaType;)Lcom/fasterxml/jackson/databind/BeanDescription;+7
j  com.fasterxml.jackson.databind.ser.BeanSerializerFactory.createSerializer(Lcom/fasterxml/jackson/databind/SerializerProvider;Lcom/fasterxml/jackson/databind/JavaType;)Lcom/fasterxml/jackson/databind/JsonSerializer;+7
j  com.fasterxml.jackson.databind.SerializerProvider._createUntypedSerializer(Lcom/fasterxml/jackson/databind/JavaType;)Lcom/fasterxml/jackson/databind/JsonSerializer;+6
j  com.fasterxml.jackson.databind.SerializerProvider._createAndCacheUntypedSerializer(Ljava/lang/Class;)Lcom/fasterxml/jackson/databind/JsonSerializer;+11
j  com.fasterxml.jackson.databind.SerializerProvider._findExplicitUntypedSerializer(Ljava/lang/Class;)Lcom/fasterxml/jackson/databind/JsonSerializer;+28
j  com.fasterxml.jackson.databind.ser.DefaultSerializerProvider.hasSerializerFor(Ljava/lang/Class;Ljava/util/concurrent/atomic/AtomicReference;)Z+23
j  com.fasterxml.jackson.databind.ObjectMapper.canSerialize(Ljava/lang/Class;Ljava/util/concurrent/atomic/AtomicReference;)Z+10
j  org.springframework.http.converter.json.AbstractJackson2HttpMessageConverter.canWrite(Ljava/lang/Class;Lorg/springframework/http/MediaType;)Z+69
j  org.springframework.http.converter.AbstractGenericHttpMessageConverter.canWrite(Ljava/lang/reflect/Type;Ljava/lang/Class;Lorg/springframework/http/MediaType;)Z+3
j  org.springframework.web.servlet.mvc.method.annotation.AbstractMessageConverterMethodProcessor.getProducibleMediaTypes(Ljavax/servlet/http/HttpServletRequest;Ljava/lang/Class;Ljava/lang/reflect/Type;)Ljava/util/List;+94
j  org.springframework.web.servlet.mvc.method.annotation.AbstractMessageConverterMethodProcessor.writeWithMessageConverters(Ljava/lang/Object;Lorg/springframework/core/MethodParameter;Lorg/springframework/http/server/ServletServerHttpRequest;Lorg/springframework/http/server/ServletServerHttpResponse;)V+405
j  org.springframework.web.servlet.mvc.method.annotation.RequestResponseBodyMethodProcessor.handleReturnValue(Ljava/lang/Object;Lorg/springframework/core/MethodParameter;Lorg/springframework/web/method/support/ModelAndViewContainer;Lorg/springframework/web/context/request/NativeWebRequest;)V+28
j  org.springframework.web.method.support.HandlerMethodReturnValueHandlerComposite.handleReturnValue(Ljava/lang/Object;Lorg/springframework/core/MethodParameter;Lorg/springframework/web/method/support/ModelAndViewContainer;Lorg/springframework/web/context/request/NativeWebRequest;)V+53
j  org.springframework.web.servlet.mvc.method.annotation.ServletInvocableHandlerMethod.invokeAndHandle(Lorg/springframework/web/context/request/ServletWebRequest;Lorg/springframework/web/method/support/ModelAndViewContainer;[Ljava/lang/Object;)V+104
j  org.springframework.web.servlet.mvc.method.annotation.RequestMappingHandlerAdapter.invokeHandlerMethod(Ljavax/servlet/http/HttpServletRequest;Ljavax/servlet/http/HttpServletResponse;Lorg/springframework/web/method/HandlerMethod;)Lorg/springframework/web/servlet/ModelAndView;+244
j  org.springframework.web.servlet.mvc.method.annotation.RequestMappingHandlerAdapter.handleInternal(Ljavax/servlet/http/HttpServletRequest;Ljavax/servlet/http/HttpServletResponse;Lorg/springframework/web/method/HandlerMethod;)Lorg/springframework/web/servlet/ModelAndView;+81
j  org.springframework.web.servlet.mvc.method.AbstractHandlerMethodAdapter.handle(Ljavax/servlet/http/HttpServletRequest;Ljavax/servlet/http/HttpServletResponse;Ljava/lang/Object;)Lorg/springframework/web/servlet/ModelAndView;+7
j  org.springframework.web.servlet.DispatcherServlet.doDispatch(Ljavax/servlet/http/HttpServletRequest;Ljavax/servlet/http/HttpServletResponse;)V+259
j  org.springframework.web.servlet.DispatcherServlet.doService(Ljavax/servlet/http/HttpServletRequest;Ljavax/servlet/http/HttpServletResponse;)V+241
j  org.springframework.web.servlet.FrameworkServlet.processRequest(Ljavax/servlet/http/HttpServletRequest;Ljavax/servlet/http/HttpServletResponse;)V+71
j  org.springframework.web.servlet.FrameworkServlet.doGet(Ljavax/servlet/http/HttpServletRequest;Ljavax/servlet/http/HttpServletResponse;)V+3
j  javax.servlet.http.HttpServlet.service(Ljavax/servlet/http/HttpServletRequest;Ljavax/servlet/http/HttpServletResponse;)V+35
j  org.springframework.web.servlet.FrameworkServlet.service(Ljavax/servlet/http/HttpServletRequest;Ljavax/servlet/http/HttpServletResponse;)V+33
j  javax.servlet.http.HttpServlet.service(Ljavax/servlet/ServletRequest;Ljavax/servlet/ServletResponse;)V+36
j  org.apache.catalina.core.ApplicationFilterChain.internalDoFilter(Ljavax/servlet/ServletRequest;Ljavax/servlet/ServletResponse;)V+304
j  org.apache.catalina.core.ApplicationFilterChain.doFilter(Ljavax/servlet/ServletRequest;Ljavax/servlet/ServletResponse;)V+99
j  org.apache.tomcat.websocket.server.WsFilter.doFilter(Ljavax/servlet/ServletRequest;Ljavax/servlet/ServletResponse;Ljavax/servlet/FilterChain;)V+21
j  org.apache.catalina.core.ApplicationFilterChain.internalDoFilter(Ljavax/servlet/ServletRequest;Ljavax/servlet/ServletResponse;)V+135
j  org.apache.catalina.core.ApplicationFilterChain.doFilter(Ljavax/servlet/ServletRequest;Ljavax/servlet/ServletResponse;)V+99
j  org.springframework.web.filter.RequestContextFilter.doFilterInternal(Ljavax/servlet/http/HttpServletRequest;Ljavax/servlet/http/HttpServletResponse;Ljavax/servlet/FilterChain;)V+21
j  org.springframework.web.filter.OncePerRequestFilter.doFilter(Ljavax/servlet/ServletRequest;Ljavax/servlet/ServletResponse;Ljavax/servlet/FilterChain;)V+147
j  org.apache.catalina.core.ApplicationFilterChain.internalDoFilter(Ljavax/servlet/ServletRequest;Ljavax/servlet/ServletResponse;)V+135
j  org.apache.catalina.core.ApplicationFilterChain.doFilter(Ljavax/servlet/ServletRequest;Ljavax/servlet/ServletResponse;)V+99
j  org.springframework.web.filter.FormContentFilter.doFilterInternal(Ljavax/servlet/http/HttpServletRequest;Ljavax/servlet/http/HttpServletResponse;Ljavax/servlet/FilterChain;)V+38
j  org.springframework.web.filter.OncePerRequestFilter.doFilter(Ljavax/servlet/ServletRequest;Ljavax/servlet/ServletResponse;Ljavax/servlet/FilterChain;)V+147
j  org.apache.catalina.core.ApplicationFilterChain.internalDoFilter(Ljavax/servlet/ServletRequest;Ljavax/servlet/ServletResponse;)V+135
j  org.apache.catalina.core.ApplicationFilterChain.doFilter(Ljavax/servlet/ServletRequest;Ljavax/servlet/ServletResponse;)V+99
j  org.springframework.web.filter.CharacterEncodingFilter.doFilterInternal(Ljavax/servlet/http/HttpServletRequest;Ljavax/servlet/http/HttpServletResponse;Ljavax/servlet/FilterChain;)V+53
j  org.springframework.web.filter.OncePerRequestFilter.doFilter(Ljavax/servlet/ServletRequest;Ljavax/servlet/ServletResponse;Ljavax/servlet/FilterChain;)V+147
j  org.apache.catalina.core.ApplicationFilterChain.internalDoFilter(Ljavax/servlet/ServletRequest;Ljavax/servlet/ServletResponse;)V+135
j  org.apache.catalina.core.ApplicationFilterChain.doFilter(Ljavax/servlet/ServletRequest;Ljavax/servlet/ServletResponse;)V+99
j  org.apache.catalina.core.StandardWrapperValve.invoke(Lorg/apache/catalina/connector/Request;Lorg/apache/catalina/connector/Response;)V+694
j  org.apache.catalina.core.StandardContextValve.invoke(Lorg/apache/catalina/connector/Request;Lorg/apache/catalina/connector/Response;)V+169
j  org.apache.catalina.authenticator.AuthenticatorBase.invoke(Lorg/apache/catalina/connector/Request;Lorg/apache/catalina/connector/Response;)V+260
j  org.apache.catalina.core.StandardHostValve.invoke(Lorg/apache/catalina/connector/Request;Lorg/apache/catalina/connector/Response;)V+128
j  org.apache.catalina.valves.ErrorReportValve.invoke(Lorg/apache/catalina/connector/Request;Lorg/apache/catalina/connector/Response;)V+6
j  org.apache.catalina.core.StandardEngineValve.invoke(Lorg/apache/catalina/connector/Request;Lorg/apache/catalina/connector/Response;)V+59
j  org.apache.catalina.connector.CoyoteAdapter.service(Lorg/apache/coyote/Request;Lorg/apache/coyote/Response;)V+199
j  org.apache.coyote.http11.Http11Processor.service(Lorg/apache/tomcat/util/net/SocketWrapperBase;)Lorg/apache/tomcat/util/net/AbstractEndpoint$Handler$SocketState;+737
j  org.apache.coyote.AbstractProcessorLight.process(Lorg/apache/tomcat/util/net/SocketWrapperBase;Lorg/apache/tomcat/util/net/SocketEvent;)Lorg/apache/tomcat/util/net/AbstractEndpoint$Handler$SocketState;+170
j  org.apache.coyote.AbstractProtocol$ConnectionHandler.process(Lorg/apache/tomcat/util/net/SocketWrapperBase;Lorg/apache/tomcat/util/net/SocketEvent;)Lorg/apache/tomcat/util/net/AbstractEndpoint$Handler$SocketState;+505
j  org.apache.tomcat.util.net.NioEndpoint$SocketProcessor.doRun()V+216
j  org.apache.tomcat.util.net.SocketProcessorBase.run()V+21
j  org.apache.tomcat.util.threads.ThreadPoolExecutor.runWorker(Lorg/apache/tomcat/util/threads/ThreadPoolExecutor$Worker;)V+92
j  org.apache.tomcat.util.threads.ThreadPoolExecutor$Worker.run()V+5
j  org.apache.tomcat.util.threads.TaskThread$WrappingRunnable.run()V+4
j  java.lang.Thread.run()V+11 java.base@11.0.11
v  ~StubRoutines::call_stub

siginfo: EXCEPTION_ACCESS_VIOLATION (0xc0000005), reading address 0x0000000390ffca68


Register to memory mapping:

RIP=0x00007ffa3f1df0fd jvm.dll
RAX=0x0000007b90ffc660 is pointing into the stack for thread: 0x0000022643924800
RBX=0x00000226421d59e8 points into unknown readable memory: 60 ca ff 90 03 00 00 00
RCX=0x0000007b90ffc5d0 is pointing into the stack for thread: 0x0000022643924800
RDX=0x0000007b90ffc5d0 is pointing into the stack for thread: 0x0000022643924800
RSP=0x0000007b90ffc600 is pointing into the stack for thread: 0x0000022643924800
RBP=0x0000007b90ffc659 is pointing into the stack for thread: 0x0000022643924800
RSI=0x0000007b90ffc740 is pointing into the stack for thread: 0x0000022643924800
RDI=0x0000000390ffca60 is an unknown value
R8 =0x000000000000001e is an unknown value
R9 =0x0000022644086448 is pointing into metadata
R10=0x0000022644080040 is pointing into metadata
R11=0x0 is NULL
R12=0x000002264338f500 points into unknown readable memory: f0 22 30 7d 00 07 06 09
R13=0x00000000000000b6 is an unknown value
R14=0x0000022643924800 is a thread
R15=0x0 is NULL


Registers:
RAX=0x0000007b90ffc660, RBX=0x00000226421d59e8, RCX=0x0000007b90ffc5d0, RDX=0x0000007b90ffc5d0
RSP=0x0000007b90ffc600, RBP=0x0000007b90ffc659, RSI=0x0000007b90ffc740, RDI=0x0000000390ffca60
R8 =0x000000000000001e, R9 =0x0000022644086448, R10=0x0000022644080040, R11=0x0000000000000000
R12=0x000002264338f500, R13=0x00000000000000b6, R14=0x0000022643924800, R15=0x0000000000000000
RIP=0x00007ffa3f1df0fd, EFLAGS=0x0000000000010202

Top of Stack: (sp=0x0000007b90ffc600)
0x0000007b90ffc600:   000000000000000a 00000226421d59e8
0x0000007b90ffc610:   0000007b90ffc659 00007ffa3ef979df
0x0000007b90ffc620:   0000000000000000 0000007b90ffc710
0x0000007b90ffc630:   0000007b90ffc799 00007ffa3f1de682
0x0000007b90ffc640:   0000007b90ffc700 00007ffa3ef960b1
0x0000007b90ffc650:   0000007b90ffc790 00007ffa3ef9797c
0x0000007b90ffc660:   0000022640d89d90 0000022640d8b1b8
0x0000007b90ffc670:   0000000800002070 00000008002925f0
0x0000007b90ffc680:   0000000000000000 0000000000000000
0x0000007b90ffc690:   0000000044080a01 0000022643924800
0x0000007b90ffc6a0:   0000007b90ffc7b0 00007ffa3f0336b8
0x0000007b90ffc6b0:   00000226421d59e8 000002264338f520
0x0000007b90ffc6c0:   0000022644082e80 0000022643924800
0x0000007b90ffc6d0:   00000226000000b6 0000022643924800
0x0000007b90ffc6e0:   0000022644082ea8 0000022643924800
0x0000007b90ffc6f0:   000002264338f8f8 00007ffa3f29f701 

Instructions: (pc=0x00007ffa3f1df0fd)
0x00007ffa3f1df0dd:   49 83 7e 08 00 0f 85 d9 01 00 00 48 85 db 75 04
0x00007ffa3f1df0ed:   33 ff eb 25 80 3d 99 dd 51 00 00 48 8b 3b 74 15
0x00007ffa3f1df0fd:   8b 7f 08 8b 0d d2 4f 4d 00 48 d3 e7 48 03 3d c0
0x00007ffa3f1df10d:   4f 4d 00 eb 04 48 8b 7f 08 4d 8b c6 48 8d 55 07 


Stack slot to memory mapping:
stack at sp + 0 slots: 0x000000000000000a is an unknown value
stack at sp + 1 slots: 0x00000226421d59e8 points into unknown readable memory: 60 ca ff 90 03 00 00 00
stack at sp + 2 slots: 0x0000007b90ffc659 is pointing into the stack for thread: 0x0000022643924800
stack at sp + 3 slots: 0x00007ffa3ef979df jvm.dll
stack at sp + 4 slots: 0x0 is NULL
stack at sp + 5 slots: 0x0000007b90ffc710 is pointing into the stack for thread: 0x0000022643924800
stack at sp + 6 slots: 0x0000007b90ffc799 is pointing into the stack for thread: 0x0000022643924800
stack at sp + 7 slots: 0x00007ffa3f1de682 jvm.dll


---------------  P R O C E S S  ---------------

Threads class SMR info:
_java_thread_list=0x00000226459674b0, length=22, elements={
0x0000022640e22000, 0x0000022640e23800, 0x000002264173d000, 0x000002264173f000,
0x0000022641740000, 0x0000022641748000, 0x0000022640de2000, 0x0000022641a4e000,
0x0000022641bc4000, 0x0000022641dc3800, 0x0000022643334800, 0x0000022643831000,
0x000002264383a000, 0x000002264383a800, 0x000002264384f800, 0x0000022643922000,
0x0000022643925800, 0x0000022643923000, 0x0000022643923800, 0x000002264391f800,
0x0000022643926000, 0x0000022643924800
}

Java Threads: ( => current thread )
  0x0000022640e22000 JavaThread "Reference Handler" daemon [_thread_blocked, id=9916, stack(0x0000007b91900000,0x0000007b91a00000)]
  0x0000022640e23800 JavaThread "Finalizer" daemon [_thread_blocked, id=4568, stack(0x0000007b91a00000,0x0000007b91b00000)]
  0x000002264173d000 JavaThread "Signal Dispatcher" daemon [_thread_blocked, id=15084, stack(0x0000007b91b00000,0x0000007b91c00000)]
  0x000002264173f000 JavaThread "Attach Listener" daemon [_thread_blocked, id=11868, stack(0x0000007b91c00000,0x0000007b91d00000)]
  0x0000022641740000 JavaThread "C1 CompilerThread0" daemon [_thread_blocked, id=16972, stack(0x0000007b91d00000,0x0000007b91e00000)]
  0x0000022641748000 JavaThread "Sweeper thread" daemon [_thread_blocked, id=13380, stack(0x0000007b91e00000,0x0000007b91f00000)]
  0x0000022640de2000 JavaThread "Common-Cleaner" daemon [_thread_blocked, id=16404, stack(0x0000007b91f00000,0x0000007b92000000)]
  0x0000022641a4e000 JavaThread "Monitor Ctrl-Break" daemon [_thread_in_native, id=1356, stack(0x0000007b92000000,0x0000007b92100000)]
  0x0000022641bc4000 JavaThread "Service Thread" daemon [_thread_blocked, id=3744, stack(0x0000007b92100000,0x0000007b92200000)]
  0x0000022641dc3800 JavaThread "RMI TCP Accept-0" daemon [_thread_in_native, id=15940, stack(0x0000007b92200000,0x0000007b92300000)]
  0x0000022643334800 JavaThread "RMI Scheduler(0)" daemon [_thread_blocked, id=1788, stack(0x0000007b93000000,0x0000007b93100000)]
  0x0000022643831000 JavaThread "Catalina-utility-1" [_thread_blocked, id=9344, stack(0x0000007b93100000,0x0000007b93200000)]
  0x000002264383a000 JavaThread "Catalina-utility-2" [_thread_blocked, id=6564, stack(0x0000007b93200000,0x0000007b93300000)]
  0x000002264383a800 JavaThread "container-0" [_thread_blocked, id=8532, stack(0x0000007b93300000,0x0000007b93400000)]
  0x000002264384f800 JavaThread "mysql-cj-abandoned-connection-cleanup" daemon [_thread_blocked, id=13644, stack(0x0000007b93400000,0x0000007b93500000)]
  0x0000022643922000 JavaThread "HikariPool-1 housekeeper" daemon [_thread_blocked, id=13736, stack(0x0000007b93600000,0x0000007b93700000)]
  0x0000022643925800 JavaThread "File Watcher" daemon [_thread_blocked, id=3852, stack(0x0000007b93800000,0x0000007b93900000)]
  0x0000022643923000 JavaThread "Live Reload Server" daemon [_thread_in_native, id=7904, stack(0x0000007b93a00000,0x0000007b93b00000)]
  0x0000022643923800 JavaThread "http-nio-10002-Poller" daemon [_thread_in_native, id=1424, stack(0x0000007b93900000,0x0000007b93a00000)]
  0x000002264391f800 JavaThread "http-nio-10002-Acceptor" daemon [_thread_in_native, id=5160, stack(0x0000007b93b00000,0x0000007b93c00000)]
  0x0000022643926000 JavaThread "DestroyJavaVM" [_thread_blocked, id=3472, stack(0x0000007b91200000,0x0000007b91300000)]
=>0x0000022643924800 JavaThread "http-nio-10002-exec-1" daemon [_thread_in_vm, id=17268, stack(0x0000007b90f00000,0x0000007b91000000)]

Other Threads:
  0x0000022640e1f800 VMThread "VM Thread" [stack: 0x0000007b91800000,0x0000007b91900000] [id=11392]
  0x0000022641dc9000 WatcherThread [stack: 0x0000007b92300000,0x0000007b92400000] [id=6264]
  0x000002261d47f000 GCTaskThread "GC Thread#0" [stack: 0x0000007b91300000,0x0000007b91400000] [id=6484]
  0x00000226421ff800 GCTaskThread "GC Thread#1" [stack: 0x0000007b92400000,0x0000007b92500000] [id=11640]
  0x0000022642223000 GCTaskThread "GC Thread#2" [stack: 0x0000007b92500000,0x0000007b92600000] [id=2596]
  0x0000022642cf2800 GCTaskThread "GC Thread#3" [stack: 0x0000007b92600000,0x0000007b92700000] [id=16020]
  0x0000022642cf3000 GCTaskThread "GC Thread#4" [stack: 0x0000007b92700000,0x0000007b92800000] [id=14776]
  0x0000022642234000 GCTaskThread "GC Thread#5" [stack: 0x0000007b92800000,0x0000007b92900000] [id=4388]
  0x000002264222f000 GCTaskThread "GC Thread#6" [stack: 0x0000007b92d00000,0x0000007b92e00000] [id=12112]
  0x000002264222f800 GCTaskThread "GC Thread#7" [stack: 0x0000007b92e00000,0x0000007b92f00000] [id=9908]
  0x000002261d4dc000 ConcurrentGCThread "G1 Main Marker" [stack: 0x0000007b91400000,0x0000007b91500000] [id=8764]
  0x000002261d4de000 ConcurrentGCThread "G1 Conc#0" [stack: 0x0000007b91500000,0x0000007b91600000] [id=13904]
  0x0000022642230800 ConcurrentGCThread "G1 Conc#1" [stack: 0x0000007b92f00000,0x0000007b93000000] [id=14412]
  0x0000022640d0f800 ConcurrentGCThread "G1 Refine#0" [stack: 0x0000007b91600000,0x0000007b91700000] [id=16448]
  0x0000022641bd2000 ConcurrentGCThread "G1 Refine#1" [stack: 0x0000007b92900000,0x0000007b92a00000] [id=8392]
  0x0000022640d11800 ConcurrentGCThread "G1 Young RemSet Sampling" [stack: 0x0000007b91700000,0x0000007b91800000] [id=13712]

Threads with active compile tasks:

VM state:not at safepoint (normal execution)

VM Mutex/Monitor currently owned by a thread: None

Heap address: 0x0000000702e00000, size: 4050 MB, Compressed Oops mode: Zero based, Oop shift amount: 3
Narrow klass base: 0x0000000800000000, Narrow klass shift: 0
Compressed class space size: 1073741824 Address: 0x0000000800000000

Heap:
 garbage-first heap   total 312320K, used 64760K [0x0000000702e00000, 0x0000000800000000)
  region size 1024K, 50 young (51200K), 10 survivors (10240K)
 Metaspace       used 63138K, capacity 65130K, committed 65308K, reserved 1105920K
  class space    used 8196K, capacity 8983K, committed 9088K, reserved 1048576K
Heap Regions: E=young(eden), S=young(survivor), O=old, HS=humongous(starts), HC=humongous(continues), CS=collection set, F=free, A=archive, TAMS=top-at-mark-start (previous, next)
|   0|0x0000000702e00000, 0x0000000702f00000, 0x0000000702f00000|100%|HS|  |TAMS 0x0000000702f00000, 0x0000000702e00000| Complete 
|   1|0x0000000702f00000, 0x0000000703000000, 0x0000000703000000|100%| O|  |TAMS 0x0000000703000000, 0x0000000702f00000| Untracked 
|   2|0x0000000703000000, 0x0000000703100000, 0x0000000703100000|100%| O|  |TAMS 0x0000000703100000, 0x0000000703000000| Untracked 
|   3|0x0000000703100000, 0x0000000703200000, 0x0000000703200000|100%| O|  |TAMS 0x0000000703200000, 0x0000000703100000| Untracked 
|   4|0x0000000703200000, 0x0000000703300000, 0x0000000703300000|100%| O|  |TAMS 0x0000000703300000, 0x0000000703200000| Untracked 
|   5|0x0000000703300000, 0x0000000703400000, 0x0000000703400000|100%| O|  |TAMS 0x0000000703400000, 0x0000000703300000| Untracked 
|   6|0x0000000703400000, 0x0000000703500000, 0x0000000703500000|100%| O|  |TAMS 0x0000000703500000, 0x0000000703400000| Untracked 
|   7|0x0000000703500000, 0x0000000703600000, 0x0000000703600000|100%| O|  |TAMS 0x0000000703600000, 0x0000000703500000| Untracked 
|   8|0x0000000703600000, 0x0000000703700000, 0x0000000703700000|100%| O|  |TAMS 0x0000000703700000, 0x0000000703600000| Untracked 
|   9|0x0000000703700000, 0x0000000703800000, 0x0000000703800000|100%| O|  |TAMS 0x0000000703800000, 0x0000000703700000| Untracked 
|  10|0x0000000703800000, 0x0000000703900000, 0x0000000703900000|100%| O|  |TAMS 0x0000000703900000, 0x0000000703800000| Untracked 
|  11|0x0000000703900000, 0x0000000703a00000, 0x0000000703a00000|100%| O|  |TAMS 0x0000000703a00000, 0x0000000703900000| Untracked 
|  12|0x0000000703a00000, 0x0000000703b00000, 0x0000000703b00000|100%| O|  |TAMS 0x0000000703b00000, 0x0000000703a00000| Untracked 
|  13|0x0000000703b00000, 0x0000000703c00000, 0x0000000703c00000|100%| O|  |TAMS 0x0000000703c00000, 0x0000000703b00000| Untracked 
|  14|0x0000000703c00000, 0x0000000703c4b800, 0x0000000703d00000| 29%| O|  |TAMS 0x0000000703c4b800, 0x0000000703c00000| Untracked 
|  15|0x0000000703d00000, 0x0000000703d00000, 0x0000000703e00000|  0%| F|  |TAMS 0x0000000703d00000, 0x0000000703d00000| Untracked 
|  16|0x0000000703e00000, 0x0000000703e00000, 0x0000000703f00000|  0%| F|  |TAMS 0x0000000703e00000, 0x0000000703e00000| Untracked 
|  17|0x0000000703f00000, 0x0000000703f00000, 0x0000000704000000|  0%| F|  |TAMS 0x0000000703f00000, 0x0000000703f00000| Untracked 
|  18|0x0000000704000000, 0x0000000704000000, 0x0000000704100000|  0%| F|  |TAMS 0x0000000704000000, 0x0000000704000000| Untracked 
|  19|0x0000000704100000, 0x0000000704100000, 0x0000000704200000|  0%| F|  |TAMS 0x0000000704100000, 0x0000000704100000| Untracked 
|  20|0x0000000704200000, 0x0000000704200000, 0x0000000704300000|  0%| F|  |TAMS 0x0000000704200000, 0x0000000704200000| Untracked 
|  21|0x0000000704300000, 0x0000000704300000, 0x0000000704400000|  0%| F|  |TAMS 0x0000000704300000, 0x0000000704300000| Untracked 
|  22|0x0000000704400000, 0x0000000704400000, 0x0000000704500000|  0%| F|  |TAMS 0x0000000704400000, 0x0000000704400000| Untracked 
|  23|0x0000000704500000, 0x0000000704500000, 0x0000000704600000|  0%| F|  |TAMS 0x0000000704500000, 0x0000000704500000| Untracked 
|  24|0x0000000704600000, 0x0000000704600000, 0x0000000704700000|  0%| F|  |TAMS 0x0000000704600000, 0x0000000704600000| Untracked 
|  25|0x0000000704700000, 0x0000000704700000, 0x0000000704800000|  0%| F|  |TAMS 0x0000000704700000, 0x0000000704700000| Untracked 
|  26|0x0000000704800000, 0x0000000704800000, 0x0000000704900000|  0%| F|  |TAMS 0x0000000704800000, 0x0000000704800000| Untracked 
|  27|0x0000000704900000, 0x0000000704900000, 0x0000000704a00000|  0%| F|  |TAMS 0x0000000704900000, 0x0000000704900000| Untracked 
|  28|0x0000000704a00000, 0x0000000704a00000, 0x0000000704b00000|  0%| F|  |TAMS 0x0000000704a00000, 0x0000000704a00000| Untracked 
|  29|0x0000000704b00000, 0x0000000704b00000, 0x0000000704c00000|  0%| F|  |TAMS 0x0000000704b00000, 0x0000000704b00000| Untracked 
|  30|0x0000000704c00000, 0x0000000704c00000, 0x0000000704d00000|  0%| F|  |TAMS 0x0000000704c00000, 0x0000000704c00000| Untracked 
|  31|0x0000000704d00000, 0x0000000704d00000, 0x0000000704e00000|  0%| F|  |TAMS 0x0000000704d00000, 0x0000000704d00000| Untracked 
|  32|0x0000000704e00000, 0x0000000704e00000, 0x0000000704f00000|  0%| F|  |TAMS 0x0000000704e00000, 0x0000000704e00000| Untracked 
|  33|0x0000000704f00000, 0x0000000704f00000, 0x0000000705000000|  0%| F|  |TAMS 0x0000000704f00000, 0x0000000704f00000| Untracked 
|  34|0x0000000705000000, 0x0000000705000000, 0x0000000705100000|  0%| F|  |TAMS 0x0000000705000000, 0x0000000705000000| Untracked 
|  35|0x0000000705100000, 0x0000000705100000, 0x0000000705200000|  0%| F|  |TAMS 0x0000000705100000, 0x0000000705100000| Untracked 
|  36|0x0000000705200000, 0x0000000705200000, 0x0000000705300000|  0%| F|  |TAMS 0x0000000705200000, 0x0000000705200000| Untracked 
|  37|0x0000000705300000, 0x0000000705300000, 0x0000000705400000|  0%| F|  |TAMS 0x0000000705300000, 0x0000000705300000| Untracked 
|  38|0x0000000705400000, 0x0000000705400000, 0x0000000705500000|  0%| F|  |TAMS 0x0000000705400000, 0x0000000705400000| Untracked 
|  39|0x0000000705500000, 0x0000000705500000, 0x0000000705600000|  0%| F|  |TAMS 0x0000000705500000, 0x0000000705500000| Untracked 
|  40|0x0000000705600000, 0x0000000705600000, 0x0000000705700000|  0%| F|  |TAMS 0x0000000705600000, 0x0000000705600000| Untracked 
|  41|0x0000000705700000, 0x0000000705700000, 0x0000000705800000|  0%| F|  |TAMS 0x0000000705700000, 0x0000000705700000| Untracked 
|  42|0x0000000705800000, 0x0000000705800000, 0x0000000705900000|  0%| F|  |TAMS 0x0000000705800000, 0x0000000705800000| Untracked 
|  43|0x0000000705900000, 0x0000000705900000, 0x0000000705a00000|  0%| F|  |TAMS 0x0000000705900000, 0x0000000705900000| Untracked 
|  44|0x0000000705a00000, 0x0000000705a00000, 0x0000000705b00000|  0%| F|  |TAMS 0x0000000705a00000, 0x0000000705a00000| Untracked 
|  45|0x0000000705b00000, 0x0000000705b00000, 0x0000000705c00000|  0%| F|  |TAMS 0x0000000705b00000, 0x0000000705b00000| Untracked 
|  46|0x0000000705c00000, 0x0000000705c00000, 0x0000000705d00000|  0%| F|  |TAMS 0x0000000705c00000, 0x0000000705c00000| Untracked 
|  47|0x0000000705d00000, 0x0000000705d00000, 0x0000000705e00000|  0%| F|  |TAMS 0x0000000705d00000, 0x0000000705d00000| Untracked 
|  48|0x0000000705e00000, 0x0000000705e00000, 0x0000000705f00000|  0%| F|  |TAMS 0x0000000705e00000, 0x0000000705e00000| Untracked 
|  49|0x0000000705f00000, 0x0000000705f00000, 0x0000000706000000|  0%| F|  |TAMS 0x0000000705f00000, 0x0000000705f00000| Untracked 
|  50|0x0000000706000000, 0x0000000706000000, 0x0000000706100000|  0%| F|  |TAMS 0x0000000706000000, 0x0000000706000000| Untracked 
|  51|0x0000000706100000, 0x0000000706100000, 0x0000000706200000|  0%| F|  |TAMS 0x0000000706100000, 0x0000000706100000| Untracked 
|  52|0x0000000706200000, 0x0000000706200000, 0x0000000706300000|  0%| F|  |TAMS 0x0000000706200000, 0x0000000706200000| Untracked 
|  53|0x0000000706300000, 0x0000000706300000, 0x0000000706400000|  0%| F|  |TAMS 0x0000000706300000, 0x0000000706300000| Untracked 
|  54|0x0000000706400000, 0x0000000706400000, 0x0000000706500000|  0%| F|  |TAMS 0x0000000706400000, 0x0000000706400000| Untracked 
|  55|0x0000000706500000, 0x0000000706500000, 0x0000000706600000|  0%| F|  |TAMS 0x0000000706500000, 0x0000000706500000| Untracked 
|  56|0x0000000706600000, 0x0000000706600000, 0x0000000706700000|  0%| F|  |TAMS 0x0000000706600000, 0x0000000706600000| Untracked 
|  57|0x0000000706700000, 0x0000000706700000, 0x0000000706800000|  0%| F|  |TAMS 0x0000000706700000, 0x0000000706700000| Untracked 
|  58|0x0000000706800000, 0x0000000706800000, 0x0000000706900000|  0%| F|  |TAMS 0x0000000706800000, 0x0000000706800000| Untracked 
|  59|0x0000000706900000, 0x0000000706900000, 0x0000000706a00000|  0%| F|  |TAMS 0x0000000706900000, 0x0000000706900000| Untracked 
|  60|0x0000000706a00000, 0x0000000706a00000, 0x0000000706b00000|  0%| F|  |TAMS 0x0000000706a00000, 0x0000000706a00000| Untracked 
|  61|0x0000000706b00000, 0x0000000706b00000, 0x0000000706c00000|  0%| F|  |TAMS 0x0000000706b00000, 0x0000000706b00000| Untracked 
|  62|0x0000000706c00000, 0x0000000706c00000, 0x0000000706d00000|  0%| F|  |TAMS 0x0000000706c00000, 0x0000000706c00000| Untracked 
|  63|0x0000000706d00000, 0x0000000706d00000, 0x0000000706e00000|  0%| F|  |TAMS 0x0000000706d00000, 0x0000000706d00000| Untracked 
|  64|0x0000000706e00000, 0x0000000706e00000, 0x0000000706f00000|  0%| F|  |TAMS 0x0000000706e00000, 0x0000000706e00000| Untracked 
|  65|0x0000000706f00000, 0x0000000706f00000, 0x0000000707000000|  0%| F|  |TAMS 0x0000000706f00000, 0x0000000706f00000| Untracked 
|  66|0x0000000707000000, 0x0000000707000000, 0x0000000707100000|  0%| F|  |TAMS 0x0000000707000000, 0x0000000707000000| Untracked 
|  67|0x0000000707100000, 0x0000000707100000, 0x0000000707200000|  0%| F|  |TAMS 0x0000000707100000, 0x0000000707100000| Untracked 
|  68|0x0000000707200000, 0x0000000707200000, 0x0000000707300000|  0%| F|  |TAMS 0x0000000707200000, 0x0000000707200000| Untracked 
|  69|0x0000000707300000, 0x0000000707300000, 0x0000000707400000|  0%| F|  |TAMS 0x0000000707300000, 0x0000000707300000| Untracked 
|  70|0x0000000707400000, 0x0000000707400000, 0x0000000707500000|  0%| F|  |TAMS 0x0000000707400000, 0x0000000707400000| Untracked 
|  71|0x0000000707500000, 0x0000000707500000, 0x0000000707600000|  0%| F|  |TAMS 0x0000000707500000, 0x0000000707500000| Untracked 
|  72|0x0000000707600000, 0x0000000707600000, 0x0000000707700000|  0%| F|  |TAMS 0x0000000707600000, 0x0000000707600000| Untracked 
|  73|0x0000000707700000, 0x0000000707700000, 0x0000000707800000|  0%| F|  |TAMS 0x0000000707700000, 0x0000000707700000| Untracked 
|  74|0x0000000707800000, 0x0000000707800000, 0x0000000707900000|  0%| F|  |TAMS 0x0000000707800000, 0x0000000707800000| Untracked 
|  75|0x0000000707900000, 0x0000000707900000, 0x0000000707a00000|  0%| F|  |TAMS 0x0000000707900000, 0x0000000707900000| Untracked 
|  76|0x0000000707a00000, 0x0000000707a00000, 0x0000000707b00000|  0%| F|  |TAMS 0x0000000707a00000, 0x0000000707a00000| Untracked 
|  77|0x0000000707b00000, 0x0000000707b00000, 0x0000000707c00000|  0%| F|  |TAMS 0x0000000707b00000, 0x0000000707b00000| Untracked 
|  78|0x0000000707c00000, 0x0000000707c00000, 0x0000000707d00000|  0%| F|  |TAMS 0x0000000707c00000, 0x0000000707c00000| Untracked 
|  79|0x0000000707d00000, 0x0000000707d00000, 0x0000000707e00000|  0%| F|  |TAMS 0x0000000707d00000, 0x0000000707d00000| Untracked 
|  80|0x0000000707e00000, 0x0000000707e00000, 0x0000000707f00000|  0%| F|  |TAMS 0x0000000707e00000, 0x0000000707e00000| Untracked 
|  81|0x0000000707f00000, 0x0000000707f00000, 0x0000000708000000|  0%| F|  |TAMS 0x0000000707f00000, 0x0000000707f00000| Untracked 
|  82|0x0000000708000000, 0x0000000708000000, 0x0000000708100000|  0%| F|  |TAMS 0x0000000708000000, 0x0000000708000000| Untracked 
|  83|0x0000000708100000, 0x0000000708100000, 0x0000000708200000|  0%| F|  |TAMS 0x0000000708100000, 0x0000000708100000| Untracked 
|  84|0x0000000708200000, 0x0000000708200000, 0x0000000708300000|  0%| F|  |TAMS 0x0000000708200000, 0x0000000708200000| Untracked 
|  85|0x0000000708300000, 0x0000000708300000, 0x0000000708400000|  0%| F|  |TAMS 0x0000000708300000, 0x0000000708300000| Untracked 
|  86|0x0000000708400000, 0x0000000708400000, 0x0000000708500000|  0%| F|  |TAMS 0x0000000708400000, 0x0000000708400000| Untracked 
|  87|0x0000000708500000, 0x0000000708500000, 0x0000000708600000|  0%| F|  |TAMS 0x0000000708500000, 0x0000000708500000| Untracked 
|  88|0x0000000708600000, 0x0000000708600000, 0x0000000708700000|  0%| F|  |TAMS 0x0000000708600000, 0x0000000708600000| Untracked 
|  89|0x0000000708700000, 0x0000000708700000, 0x0000000708800000|  0%| F|  |TAMS 0x0000000708700000, 0x0000000708700000| Untracked 
|  90|0x0000000708800000, 0x0000000708800000, 0x0000000708900000|  0%| F|  |TAMS 0x0000000708800000, 0x0000000708800000| Untracked 
|  91|0x0000000708900000, 0x0000000708900000, 0x0000000708a00000|  0%| F|  |TAMS 0x0000000708900000, 0x0000000708900000| Untracked 
|  92|0x0000000708a00000, 0x0000000708a00000, 0x0000000708b00000|  0%| F|  |TAMS 0x0000000708a00000, 0x0000000708a00000| Untracked 
|  93|0x0000000708b00000, 0x0000000708b00000, 0x0000000708c00000|  0%| F|  |TAMS 0x0000000708b00000, 0x0000000708b00000| Untracked 
|  94|0x0000000708c00000, 0x0000000708c00000, 0x0000000708d00000|  0%| F|  |TAMS 0x0000000708c00000, 0x0000000708c00000| Untracked 
|  95|0x0000000708d00000, 0x0000000708d00000, 0x0000000708e00000|  0%| F|  |TAMS 0x0000000708d00000, 0x0000000708d00000| Untracked 
|  96|0x0000000708e00000, 0x0000000708e00000, 0x0000000708f00000|  0%| F|  |TAMS 0x0000000708e00000, 0x0000000708e00000| Untracked 
|  97|0x0000000708f00000, 0x0000000708f00000, 0x0000000709000000|  0%| F|  |TAMS 0x0000000708f00000, 0x0000000708f00000| Untracked 
|  98|0x0000000709000000, 0x0000000709000000, 0x0000000709100000|  0%| F|  |TAMS 0x0000000709000000, 0x0000000709000000| Untracked 
|  99|0x0000000709100000, 0x0000000709100000, 0x0000000709200000|  0%| F|  |TAMS 0x0000000709100000, 0x0000000709100000| Untracked 
| 100|0x0000000709200000, 0x0000000709200000, 0x0000000709300000|  0%| F|  |TAMS 0x0000000709200000, 0x0000000709200000| Untracked 
| 101|0x0000000709300000, 0x0000000709300000, 0x0000000709400000|  0%| F|  |TAMS 0x0000000709300000, 0x0000000709300000| Untracked 
| 102|0x0000000709400000, 0x0000000709400000, 0x0000000709500000|  0%| F|  |TAMS 0x0000000709400000, 0x0000000709400000| Untracked 
| 103|0x0000000709500000, 0x0000000709500000, 0x0000000709600000|  0%| F|  |TAMS 0x0000000709500000, 0x0000000709500000| Untracked 
| 104|0x0000000709600000, 0x0000000709600000, 0x0000000709700000|  0%| F|  |TAMS 0x0000000709600000, 0x0000000709600000| Untracked 
| 105|0x0000000709700000, 0x0000000709700000, 0x0000000709800000|  0%| F|  |TAMS 0x0000000709700000, 0x0000000709700000| Untracked 
| 106|0x0000000709800000, 0x0000000709800000, 0x0000000709900000|  0%| F|  |TAMS 0x0000000709800000, 0x0000000709800000| Untracked 
| 107|0x0000000709900000, 0x0000000709900000, 0x0000000709a00000|  0%| F|  |TAMS 0x0000000709900000, 0x0000000709900000| Untracked 
| 108|0x0000000709a00000, 0x0000000709a00000, 0x0000000709b00000|  0%| F|  |TAMS 0x0000000709a00000, 0x0000000709a00000| Untracked 
| 109|0x0000000709b00000, 0x0000000709b00000, 0x0000000709c00000|  0%| F|  |TAMS 0x0000000709b00000, 0x0000000709b00000| Untracked 
| 110|0x0000000709c00000, 0x0000000709c00000, 0x0000000709d00000|  0%| F|  |TAMS 0x0000000709c00000, 0x0000000709c00000| Untracked 
| 111|0x0000000709d00000, 0x0000000709d00000, 0x0000000709e00000|  0%| F|  |TAMS 0x0000000709d00000, 0x0000000709d00000| Untracked 
| 112|0x0000000709e00000, 0x0000000709e00000, 0x0000000709f00000|  0%| F|  |TAMS 0x0000000709e00000, 0x0000000709e00000| Untracked 
| 113|0x0000000709f00000, 0x0000000709f00000, 0x000000070a000000|  0%| F|  |TAMS 0x0000000709f00000, 0x0000000709f00000| Untracked 
| 114|0x000000070a000000, 0x000000070a000000, 0x000000070a100000|  0%| F|  |TAMS 0x000000070a000000, 0x000000070a000000| Untracked 
| 115|0x000000070a100000, 0x000000070a100000, 0x000000070a200000|  0%| F|  |TAMS 0x000000070a100000, 0x000000070a100000| Untracked 
| 116|0x000000070a200000, 0x000000070a200000, 0x000000070a300000|  0%| F|  |TAMS 0x000000070a200000, 0x000000070a200000| Untracked 
| 117|0x000000070a300000, 0x000000070a300000, 0x000000070a400000|  0%| F|  |TAMS 0x000000070a300000, 0x000000070a300000| Untracked 
| 118|0x000000070a400000, 0x000000070a400000, 0x000000070a500000|  0%| F|  |TAMS 0x000000070a400000, 0x000000070a400000| Untracked 
| 119|0x000000070a500000, 0x000000070a500000, 0x000000070a600000|  0%| F|  |TAMS 0x000000070a500000, 0x000000070a500000| Untracked 
| 120|0x000000070a600000, 0x000000070a600000, 0x000000070a700000|  0%| F|  |TAMS 0x000000070a600000, 0x000000070a600000| Untracked 
| 121|0x000000070a700000, 0x000000070a700000, 0x000000070a800000|  0%| F|  |TAMS 0x000000070a700000, 0x000000070a700000| Untracked 
| 122|0x000000070a800000, 0x000000070a800000, 0x000000070a900000|  0%| F|  |TAMS 0x000000070a800000, 0x000000070a800000| Untracked 
| 123|0x000000070a900000, 0x000000070a900000, 0x000000070aa00000|  0%| F|  |TAMS 0x000000070a900000, 0x000000070a900000| Untracked 
| 124|0x000000070aa00000, 0x000000070aa00000, 0x000000070ab00000|  0%| F|  |TAMS 0x000000070aa00000, 0x000000070aa00000| Untracked 
| 125|0x000000070ab00000, 0x000000070ab00000, 0x000000070ac00000|  0%| F|  |TAMS 0x000000070ab00000, 0x000000070ab00000| Untracked 
| 126|0x000000070ac00000, 0x000000070ac00000, 0x000000070ad00000|  0%| F|  |TAMS 0x000000070ac00000, 0x000000070ac00000| Untracked 
| 127|0x000000070ad00000, 0x000000070ad00000, 0x000000070ae00000|  0%| F|  |TAMS 0x000000070ad00000, 0x000000070ad00000| Untracked 
| 128|0x000000070ae00000, 0x000000070ae00000, 0x000000070af00000|  0%| F|  |TAMS 0x000000070ae00000, 0x000000070ae00000| Untracked 
| 129|0x000000070af00000, 0x000000070af00000, 0x000000070b000000|  0%| F|  |TAMS 0x000000070af00000, 0x000000070af00000| Untracked 
| 130|0x000000070b000000, 0x000000070b000000, 0x000000070b100000|  0%| F|  |TAMS 0x000000070b000000, 0x000000070b000000| Untracked 
| 131|0x000000070b100000, 0x000000070b100000, 0x000000070b200000|  0%| F|  |TAMS 0x000000070b100000, 0x000000070b100000| Untracked 
| 132|0x000000070b200000, 0x000000070b200000, 0x000000070b300000|  0%| F|  |TAMS 0x000000070b200000, 0x000000070b200000| Untracked 
| 133|0x000000070b300000, 0x000000070b300000, 0x000000070b400000|  0%| F|  |TAMS 0x000000070b300000, 0x000000070b300000| Untracked 
| 134|0x000000070b400000, 0x000000070b400000, 0x000000070b500000|  0%| F|  |TAMS 0x000000070b400000, 0x000000070b400000| Untracked 
| 135|0x000000070b500000, 0x000000070b500000, 0x000000070b600000|  0%| F|  |TAMS 0x000000070b500000, 0x000000070b500000| Untracked 
| 136|0x000000070b600000, 0x000000070b600000, 0x000000070b700000|  0%| F|  |TAMS 0x000000070b600000, 0x000000070b600000| Untracked 
| 137|0x000000070b700000, 0x000000070b700000, 0x000000070b800000|  0%| F|  |TAMS 0x000000070b700000, 0x000000070b700000| Untracked 
| 138|0x000000070b800000, 0x000000070b800000, 0x000000070b900000|  0%| F|  |TAMS 0x000000070b800000, 0x000000070b800000| Untracked 
| 139|0x000000070b900000, 0x000000070b900000, 0x000000070ba00000|  0%| F|  |TAMS 0x000000070b900000, 0x000000070b900000| Untracked 
| 140|0x000000070ba00000, 0x000000070ba00000, 0x000000070bb00000|  0%| F|  |TAMS 0x000000070ba00000, 0x000000070ba00000| Untracked 
| 141|0x000000070bb00000, 0x000000070bb00000, 0x000000070bc00000|  0%| F|  |TAMS 0x000000070bb00000, 0x000000070bb00000| Untracked 
| 142|0x000000070bc00000, 0x000000070bc00000, 0x000000070bd00000|  0%| F|  |TAMS 0x000000070bc00000, 0x000000070bc00000| Untracked 
| 143|0x000000070bd00000, 0x000000070bd00000, 0x000000070be00000|  0%| F|  |TAMS 0x000000070bd00000, 0x000000070bd00000| Untracked 
| 144|0x000000070be00000, 0x000000070be00000, 0x000000070bf00000|  0%| F|  |TAMS 0x000000070be00000, 0x000000070be00000| Untracked 
| 145|0x000000070bf00000, 0x000000070bf00000, 0x000000070c000000|  0%| F|  |TAMS 0x000000070bf00000, 0x000000070bf00000| Untracked 
| 146|0x000000070c000000, 0x000000070c000000, 0x000000070c100000|  0%| F|  |TAMS 0x000000070c000000, 0x000000070c000000| Untracked 
| 147|0x000000070c100000, 0x000000070c100000, 0x000000070c200000|  0%| F|  |TAMS 0x000000070c100000, 0x000000070c100000| Untracked 
| 148|0x000000070c200000, 0x000000070c200000, 0x000000070c300000|  0%| F|  |TAMS 0x000000070c200000, 0x000000070c200000| Untracked 
| 149|0x000000070c300000, 0x000000070c300000, 0x000000070c400000|  0%| F|  |TAMS 0x000000070c300000, 0x000000070c300000| Untracked 
| 150|0x000000070c400000, 0x000000070c400000, 0x000000070c500000|  0%| F|  |TAMS 0x000000070c400000, 0x000000070c400000| Untracked 
| 151|0x000000070c500000, 0x000000070c500000, 0x000000070c600000|  0%| F|  |TAMS 0x000000070c500000, 0x000000070c500000| Untracked 
| 152|0x000000070c600000, 0x000000070c600000, 0x000000070c700000|  0%| F|  |TAMS 0x000000070c600000, 0x000000070c600000| Untracked 
| 153|0x000000070c700000, 0x000000070c700000, 0x000000070c800000|  0%| F|  |TAMS 0x000000070c700000, 0x000000070c700000| Untracked 
| 154|0x000000070c800000, 0x000000070c800000, 0x000000070c900000|  0%| F|  |TAMS 0x000000070c800000, 0x000000070c800000| Untracked 
| 155|0x000000070c900000, 0x000000070c900000, 0x000000070ca00000|  0%| F|  |TAMS 0x000000070c900000, 0x000000070c900000| Untracked 
| 156|0x000000070ca00000, 0x000000070ca00000, 0x000000070cb00000|  0%| F|  |TAMS 0x000000070ca00000, 0x000000070ca00000| Untracked 
| 157|0x000000070cb00000, 0x000000070cb00000, 0x000000070cc00000|  0%| F|  |TAMS 0x000000070cb00000, 0x000000070cb00000| Untracked 
| 158|0x000000070cc00000, 0x000000070cc00000, 0x000000070cd00000|  0%| F|  |TAMS 0x000000070cc00000, 0x000000070cc00000| Untracked 
| 159|0x000000070cd00000, 0x000000070cd00000, 0x000000070ce00000|  0%| F|  |TAMS 0x000000070cd00000, 0x000000070cd00000| Untracked 
| 160|0x000000070ce00000, 0x000000070ce00000, 0x000000070cf00000|  0%| F|  |TAMS 0x000000070ce00000, 0x000000070ce00000| Untracked 
| 161|0x000000070cf00000, 0x000000070cf00000, 0x000000070d000000|  0%| F|  |TAMS 0x000000070cf00000, 0x000000070cf00000| Untracked 
| 162|0x000000070d000000, 0x000000070d000000, 0x000000070d100000|  0%| F|  |TAMS 0x000000070d000000, 0x000000070d000000| Untracked 
| 163|0x000000070d100000, 0x000000070d100000, 0x000000070d200000|  0%| F|  |TAMS 0x000000070d100000, 0x000000070d100000| Untracked 
| 164|0x000000070d200000, 0x000000070d200000, 0x000000070d300000|  0%| F|  |TAMS 0x000000070d200000, 0x000000070d200000| Untracked 
| 165|0x000000070d300000, 0x000000070d300000, 0x000000070d400000|  0%| F|  |TAMS 0x000000070d300000, 0x000000070d300000| Untracked 
| 166|0x000000070d400000, 0x000000070d400000, 0x000000070d500000|  0%| F|  |TAMS 0x000000070d400000, 0x000000070d400000| Untracked 
| 167|0x000000070d500000, 0x000000070d500000, 0x000000070d600000|  0%| F|  |TAMS 0x000000070d500000, 0x000000070d500000| Untracked 
| 168|0x000000070d600000, 0x000000070d600000, 0x000000070d700000|  0%| F|  |TAMS 0x000000070d600000, 0x000000070d600000| Untracked 
| 169|0x000000070d700000, 0x000000070d700000, 0x000000070d800000|  0%| F|  |TAMS 0x000000070d700000, 0x000000070d700000| Untracked 
| 170|0x000000070d800000, 0x000000070d800000, 0x000000070d900000|  0%| F|  |TAMS 0x000000070d800000, 0x000000070d800000| Untracked 
| 171|0x000000070d900000, 0x000000070d900000, 0x000000070da00000|  0%| F|  |TAMS 0x000000070d900000, 0x000000070d900000| Untracked 
| 172|0x000000070da00000, 0x000000070da00000, 0x000000070db00000|  0%| F|  |TAMS 0x000000070da00000, 0x000000070da00000| Untracked 
| 173|0x000000070db00000, 0x000000070db00000, 0x000000070dc00000|  0%| F|  |TAMS 0x000000070db00000, 0x000000070db00000| Untracked 
| 174|0x000000070dc00000, 0x000000070dc00000, 0x000000070dd00000|  0%| F|  |TAMS 0x000000070dc00000, 0x000000070dc00000| Untracked 
| 175|0x000000070dd00000, 0x000000070dd00000, 0x000000070de00000|  0%| F|  |TAMS 0x000000070dd00000, 0x000000070dd00000| Untracked 
| 176|0x000000070de00000, 0x000000070de00000, 0x000000070df00000|  0%| F|  |TAMS 0x000000070de00000, 0x000000070de00000| Untracked 
| 177|0x000000070df00000, 0x000000070df00000, 0x000000070e000000|  0%| F|  |TAMS 0x000000070df00000, 0x000000070df00000| Untracked 
| 178|0x000000070e000000, 0x000000070e000000, 0x000000070e100000|  0%| F|  |TAMS 0x000000070e000000, 0x000000070e000000| Untracked 
| 179|0x000000070e100000, 0x000000070e100000, 0x000000070e200000|  0%| F|  |TAMS 0x000000070e100000, 0x000000070e100000| Untracked 
| 180|0x000000070e200000, 0x000000070e200000, 0x000000070e300000|  0%| F|  |TAMS 0x000000070e200000, 0x000000070e200000| Untracked 
| 181|0x000000070e300000, 0x000000070e300000, 0x000000070e400000|  0%| F|  |TAMS 0x000000070e300000, 0x000000070e300000| Untracked 
| 182|0x000000070e400000, 0x000000070e400000, 0x000000070e500000|  0%| F|  |TAMS 0x000000070e400000, 0x000000070e400000| Untracked 
| 183|0x000000070e500000, 0x000000070e500000, 0x000000070e600000|  0%| F|  |TAMS 0x000000070e500000, 0x000000070e500000| Untracked 
| 184|0x000000070e600000, 0x000000070e600000, 0x000000070e700000|  0%| F|  |TAMS 0x000000070e600000, 0x000000070e600000| Untracked 
| 185|0x000000070e700000, 0x000000070e700000, 0x000000070e800000|  0%| F|  |TAMS 0x000000070e700000, 0x000000070e700000| Untracked 
| 186|0x000000070e800000, 0x000000070e800000, 0x000000070e900000|  0%| F|  |TAMS 0x000000070e800000, 0x000000070e800000| Untracked 
| 187|0x000000070e900000, 0x000000070e900000, 0x000000070ea00000|  0%| F|  |TAMS 0x000000070e900000, 0x000000070e900000| Untracked 
| 188|0x000000070ea00000, 0x000000070ea00000, 0x000000070eb00000|  0%| F|  |TAMS 0x000000070ea00000, 0x000000070ea00000| Untracked 
| 189|0x000000070eb00000, 0x000000070eb00000, 0x000000070ec00000|  0%| F|  |TAMS 0x000000070eb00000, 0x000000070eb00000| Untracked 
| 190|0x000000070ec00000, 0x000000070ec00000, 0x000000070ed00000|  0%| F|  |TAMS 0x000000070ec00000, 0x000000070ec00000| Untracked 
| 191|0x000000070ed00000, 0x000000070ed00000, 0x000000070ee00000|  0%| F|  |TAMS 0x000000070ed00000, 0x000000070ed00000| Untracked 
| 192|0x000000070ee00000, 0x000000070ee00000, 0x000000070ef00000|  0%| F|  |TAMS 0x000000070ee00000, 0x000000070ee00000| Untracked 
| 193|0x000000070ef00000, 0x000000070ef00000, 0x000000070f000000|  0%| F|  |TAMS 0x000000070ef00000, 0x000000070ef00000| Untracked 
| 194|0x000000070f000000, 0x000000070f000000, 0x000000070f100000|  0%| F|  |TAMS 0x000000070f000000, 0x000000070f000000| Untracked 
| 195|0x000000070f100000, 0x000000070f100000, 0x000000070f200000|  0%| F|  |TAMS 0x000000070f100000, 0x000000070f100000| Untracked 
| 196|0x000000070f200000, 0x000000070f200000, 0x000000070f300000|  0%| F|  |TAMS 0x000000070f200000, 0x000000070f200000| Untracked 
| 197|0x000000070f300000, 0x000000070f300000, 0x000000070f400000|  0%| F|  |TAMS 0x000000070f300000, 0x000000070f300000| Untracked 
| 198|0x000000070f400000, 0x000000070f400000, 0x000000070f500000|  0%| F|  |TAMS 0x000000070f400000, 0x000000070f400000| Untracked 
| 199|0x000000070f500000, 0x000000070f500000, 0x000000070f600000|  0%| F|  |TAMS 0x000000070f500000, 0x000000070f500000| Untracked 
| 200|0x000000070f600000, 0x000000070f600000, 0x000000070f700000|  0%| F|  |TAMS 0x000000070f600000, 0x000000070f600000| Untracked 
| 201|0x000000070f700000, 0x000000070f700000, 0x000000070f800000|  0%| F|  |TAMS 0x000000070f700000, 0x000000070f700000| Untracked 
| 202|0x000000070f800000, 0x000000070f800000, 0x000000070f900000|  0%| F|  |TAMS 0x000000070f800000, 0x000000070f800000| Untracked 
| 203|0x000000070f900000, 0x000000070f900000, 0x000000070fa00000|  0%| F|  |TAMS 0x000000070f900000, 0x000000070f900000| Untracked 
| 204|0x000000070fa00000, 0x000000070fa00000, 0x000000070fb00000|  0%| F|  |TAMS 0x000000070fa00000, 0x000000070fa00000| Untracked 
| 205|0x000000070fb00000, 0x000000070fb00000, 0x000000070fc00000|  0%| F|  |TAMS 0x000000070fb00000, 0x000000070fb00000| Untracked 
| 206|0x000000070fc00000, 0x000000070fc00000, 0x000000070fd00000|  0%| F|  |TAMS 0x000000070fc00000, 0x000000070fc00000| Untracked 
| 207|0x000000070fd00000, 0x000000070fd00000, 0x000000070fe00000|  0%| F|  |TAMS 0x000000070fd00000, 0x000000070fd00000| Untracked 
| 208|0x000000070fe00000, 0x000000070fe00000, 0x000000070ff00000|  0%| F|  |TAMS 0x000000070fe00000, 0x000000070fe00000| Untracked 
| 209|0x000000070ff00000, 0x000000070ff00000, 0x0000000710000000|  0%| F|  |TAMS 0x000000070ff00000, 0x000000070ff00000| Untracked 
| 210|0x0000000710000000, 0x0000000710000000, 0x0000000710100000|  0%| F|  |TAMS 0x0000000710000000, 0x0000000710000000| Untracked 
| 211|0x0000000710100000, 0x0000000710100000, 0x0000000710200000|  0%| F|  |TAMS 0x0000000710100000, 0x0000000710100000| Untracked 
| 212|0x0000000710200000, 0x0000000710200000, 0x0000000710300000|  0%| F|  |TAMS 0x0000000710200000, 0x0000000710200000| Untracked 
| 213|0x0000000710300000, 0x00000007103f2b68, 0x0000000710400000| 94%| S|CS|TAMS 0x0000000710300000, 0x0000000710300000| Complete 
| 214|0x0000000710400000, 0x0000000710500000, 0x0000000710500000|100%| S|CS|TAMS 0x0000000710400000, 0x0000000710400000| Complete 
| 215|0x0000000710500000, 0x0000000710600000, 0x0000000710600000|100%| S|CS|TAMS 0x0000000710500000, 0x0000000710500000| Complete 
| 216|0x0000000710600000, 0x0000000710700000, 0x0000000710700000|100%| S|CS|TAMS 0x0000000710600000, 0x0000000710600000| Complete 
| 217|0x0000000710700000, 0x0000000710800000, 0x0000000710800000|100%| S|CS|TAMS 0x0000000710700000, 0x0000000710700000| Complete 
| 218|0x0000000710800000, 0x0000000710900000, 0x0000000710900000|100%| S|CS|TAMS 0x0000000710800000, 0x0000000710800000| Complete 
| 219|0x0000000710900000, 0x0000000710a00000, 0x0000000710a00000|100%| S|CS|TAMS 0x0000000710900000, 0x0000000710900000| Complete 
| 220|0x0000000710a00000, 0x0000000710b00000, 0x0000000710b00000|100%| S|CS|TAMS 0x0000000710a00000, 0x0000000710a00000| Complete 
| 221|0x0000000710b00000, 0x0000000710c00000, 0x0000000710c00000|100%| S|CS|TAMS 0x0000000710b00000, 0x0000000710b00000| Complete 
| 222|0x0000000710c00000, 0x0000000710d00000, 0x0000000710d00000|100%| S|CS|TAMS 0x0000000710c00000, 0x0000000710c00000| Complete 
| 223|0x0000000710d00000, 0x0000000710d00000, 0x0000000710e00000|  0%| F|  |TAMS 0x0000000710d00000, 0x0000000710d00000| Untracked 
| 224|0x0000000710e00000, 0x0000000710e00000, 0x0000000710f00000|  0%| F|  |TAMS 0x0000000710e00000, 0x0000000710e00000| Untracked 
| 225|0x0000000710f00000, 0x0000000710f00000, 0x0000000711000000|  0%| F|  |TAMS 0x0000000710f00000, 0x0000000710f00000| Untracked 
| 226|0x0000000711000000, 0x0000000711000000, 0x0000000711100000|  0%| F|  |TAMS 0x0000000711000000, 0x0000000711000000| Untracked 
| 227|0x0000000711100000, 0x0000000711100000, 0x0000000711200000|  0%| F|  |TAMS 0x0000000711100000, 0x0000000711100000| Untracked 
| 228|0x0000000711200000, 0x0000000711200000, 0x0000000711300000|  0%| F|  |TAMS 0x0000000711200000, 0x0000000711200000| Untracked 
| 229|0x0000000711300000, 0x0000000711300000, 0x0000000711400000|  0%| F|  |TAMS 0x0000000711300000, 0x0000000711300000| Untracked 
| 230|0x0000000711400000, 0x0000000711400000, 0x0000000711500000|  0%| F|  |TAMS 0x0000000711400000, 0x0000000711400000| Untracked 
| 231|0x0000000711500000, 0x0000000711500000, 0x0000000711600000|  0%| F|  |TAMS 0x0000000711500000, 0x0000000711500000| Untracked 
| 232|0x0000000711600000, 0x0000000711600000, 0x0000000711700000|  0%| F|  |TAMS 0x0000000711600000, 0x0000000711600000| Untracked 
| 233|0x0000000711700000, 0x0000000711700000, 0x0000000711800000|  0%| F|  |TAMS 0x0000000711700000, 0x0000000711700000| Untracked 
| 234|0x0000000711800000, 0x0000000711800000, 0x0000000711900000|  0%| F|  |TAMS 0x0000000711800000, 0x0000000711800000| Untracked 
| 235|0x0000000711900000, 0x0000000711900000, 0x0000000711a00000|  0%| F|  |TAMS 0x0000000711900000, 0x0000000711900000| Untracked 
| 236|0x0000000711a00000, 0x0000000711a00000, 0x0000000711b00000|  0%| F|  |TAMS 0x0000000711a00000, 0x0000000711a00000| Untracked 
| 237|0x0000000711b00000, 0x0000000711b00000, 0x0000000711c00000|  0%| F|  |TAMS 0x0000000711b00000, 0x0000000711b00000| Untracked 
| 238|0x0000000711c00000, 0x0000000711c00000, 0x0000000711d00000|  0%| F|  |TAMS 0x0000000711c00000, 0x0000000711c00000| Untracked 
| 239|0x0000000711d00000, 0x0000000711d00000, 0x0000000711e00000|  0%| F|  |TAMS 0x0000000711d00000, 0x0000000711d00000| Untracked 
| 240|0x0000000711e00000, 0x0000000711e00000, 0x0000000711f00000|  0%| F|  |TAMS 0x0000000711e00000, 0x0000000711e00000| Untracked 
| 241|0x0000000711f00000, 0x0000000711f00000, 0x0000000712000000|  0%| F|  |TAMS 0x0000000711f00000, 0x0000000711f00000| Untracked 
| 242|0x0000000712000000, 0x0000000712000000, 0x0000000712100000|  0%| F|  |TAMS 0x0000000712000000, 0x0000000712000000| Untracked 
| 243|0x0000000712100000, 0x0000000712100000, 0x0000000712200000|  0%| F|  |TAMS 0x0000000712100000, 0x0000000712100000| Untracked 
| 244|0x0000000712200000, 0x0000000712200000, 0x0000000712300000|  0%| F|  |TAMS 0x0000000712200000, 0x0000000712200000| Untracked 
| 245|0x0000000712300000, 0x0000000712300000, 0x0000000712400000|  0%| F|  |TAMS 0x0000000712300000, 0x0000000712300000| Untracked 
| 246|0x0000000712400000, 0x0000000712400000, 0x0000000712500000|  0%| F|  |TAMS 0x0000000712400000, 0x0000000712400000| Untracked 
| 247|0x0000000712500000, 0x0000000712500000, 0x0000000712600000|  0%| F|  |TAMS 0x0000000712500000, 0x0000000712500000| Untracked 
| 248|0x0000000712600000, 0x0000000712600000, 0x0000000712700000|  0%| F|  |TAMS 0x0000000712600000, 0x0000000712600000| Untracked 
| 249|0x0000000712700000, 0x0000000712700000, 0x0000000712800000|  0%| F|  |TAMS 0x0000000712700000, 0x0000000712700000| Untracked 
| 250|0x0000000712800000, 0x0000000712800000, 0x0000000712900000|  0%| F|  |TAMS 0x0000000712800000, 0x0000000712800000| Untracked 
| 251|0x0000000712900000, 0x0000000712900000, 0x0000000712a00000|  0%| F|  |TAMS 0x0000000712900000, 0x0000000712900000| Untracked 
| 252|0x0000000712a00000, 0x0000000712a00000, 0x0000000712b00000|  0%| F|  |TAMS 0x0000000712a00000, 0x0000000712a00000| Untracked 
| 253|0x0000000712b00000, 0x0000000712b00000, 0x0000000712c00000|  0%| F|  |TAMS 0x0000000712b00000, 0x0000000712b00000| Untracked 
| 254|0x0000000712c00000, 0x0000000712c00000, 0x0000000712d00000|  0%| F|  |TAMS 0x0000000712c00000, 0x0000000712c00000| Untracked 
| 255|0x0000000712d00000, 0x0000000712d00000, 0x0000000712e00000|  0%| F|  |TAMS 0x0000000712d00000, 0x0000000712d00000| Untracked 
| 256|0x0000000712e00000, 0x0000000712e00000, 0x0000000712f00000|  0%| F|  |TAMS 0x0000000712e00000, 0x0000000712e00000| Untracked 
| 257|0x0000000712f00000, 0x0000000712f00000, 0x0000000713000000|  0%| F|  |TAMS 0x0000000712f00000, 0x0000000712f00000| Untracked 
| 258|0x0000000713000000, 0x0000000713000000, 0x0000000713100000|  0%| F|  |TAMS 0x0000000713000000, 0x0000000713000000| Untracked 
| 259|0x0000000713100000, 0x0000000713100000, 0x0000000713200000|  0%| F|  |TAMS 0x0000000713100000, 0x0000000713100000| Untracked 
| 260|0x0000000713200000, 0x0000000713200000, 0x0000000713300000|  0%| F|  |TAMS 0x0000000713200000, 0x0000000713200000| Untracked 
| 261|0x0000000713300000, 0x0000000713300000, 0x0000000713400000|  0%| F|  |TAMS 0x0000000713300000, 0x0000000713300000| Untracked 
| 262|0x0000000713400000, 0x0000000713400000, 0x0000000713500000|  0%| F|  |TAMS 0x0000000713400000, 0x0000000713400000| Untracked 
| 263|0x0000000713500000, 0x0000000713500000, 0x0000000713600000|  0%| F|  |TAMS 0x0000000713500000, 0x0000000713500000| Untracked 
| 264|0x0000000713600000, 0x0000000713600000, 0x0000000713700000|  0%| F|  |TAMS 0x0000000713600000, 0x0000000713600000| Untracked 
| 265|0x0000000713700000, 0x0000000713780800, 0x0000000713800000| 50%| E|  |TAMS 0x0000000713700000, 0x0000000713700000| Complete 
| 266|0x0000000713800000, 0x0000000713900000, 0x0000000713900000|100%| E|CS|TAMS 0x0000000713800000, 0x0000000713800000| Complete 
| 267|0x0000000713900000, 0x0000000713a00000, 0x0000000713a00000|100%| E|CS|TAMS 0x0000000713900000, 0x0000000713900000| Complete 
| 268|0x0000000713a00000, 0x0000000713b00000, 0x0000000713b00000|100%| E|CS|TAMS 0x0000000713a00000, 0x0000000713a00000| Complete 
| 269|0x0000000713b00000, 0x0000000713c00000, 0x0000000713c00000|100%| E|CS|TAMS 0x0000000713b00000, 0x0000000713b00000| Complete 
| 270|0x0000000713c00000, 0x0000000713d00000, 0x0000000713d00000|100%| E|CS|TAMS 0x0000000713c00000, 0x0000000713c00000| Complete 
| 271|0x0000000713d00000, 0x0000000713e00000, 0x0000000713e00000|100%| E|CS|TAMS 0x0000000713d00000, 0x0000000713d00000| Complete 
| 272|0x0000000713e00000, 0x0000000713f00000, 0x0000000713f00000|100%| E|CS|TAMS 0x0000000713e00000, 0x0000000713e00000| Complete 
| 273|0x0000000713f00000, 0x0000000714000000, 0x0000000714000000|100%| E|CS|TAMS 0x0000000713f00000, 0x0000000713f00000| Complete 
| 274|0x0000000714000000, 0x0000000714100000, 0x0000000714100000|100%| E|CS|TAMS 0x0000000714000000, 0x0000000714000000| Complete 
| 275|0x0000000714100000, 0x0000000714200000, 0x0000000714200000|100%| E|CS|TAMS 0x0000000714100000, 0x0000000714100000| Complete 
| 276|0x0000000714200000, 0x0000000714300000, 0x0000000714300000|100%| E|CS|TAMS 0x0000000714200000, 0x0000000714200000| Complete 
| 277|0x0000000714300000, 0x0000000714400000, 0x0000000714400000|100%| E|CS|TAMS 0x0000000714300000, 0x0000000714300000| Complete 
| 278|0x0000000714400000, 0x0000000714500000, 0x0000000714500000|100%| E|CS|TAMS 0x0000000714400000, 0x0000000714400000| Complete 
| 279|0x0000000714500000, 0x0000000714600000, 0x0000000714600000|100%| E|CS|TAMS 0x0000000714500000, 0x0000000714500000| Complete 
| 280|0x0000000714600000, 0x0000000714700000, 0x0000000714700000|100%| E|CS|TAMS 0x0000000714600000, 0x0000000714600000| Complete 
| 281|0x0000000714700000, 0x0000000714800000, 0x0000000714800000|100%| E|CS|TAMS 0x0000000714700000, 0x0000000714700000| Complete 
| 282|0x0000000714800000, 0x0000000714900000, 0x0000000714900000|100%| E|CS|TAMS 0x0000000714800000, 0x0000000714800000| Complete 
| 283|0x0000000714900000, 0x0000000714a00000, 0x0000000714a00000|100%| E|CS|TAMS 0x0000000714900000, 0x0000000714900000| Complete 
| 284|0x0000000714a00000, 0x0000000714b00000, 0x0000000714b00000|100%| E|CS|TAMS 0x0000000714a00000, 0x0000000714a00000| Complete 
| 285|0x0000000714b00000, 0x0000000714c00000, 0x0000000714c00000|100%| E|CS|TAMS 0x0000000714b00000, 0x0000000714b00000| Complete 
| 286|0x0000000714c00000, 0x0000000714d00000, 0x0000000714d00000|100%| E|CS|TAMS 0x0000000714c00000, 0x0000000714c00000| Complete 
| 287|0x0000000714d00000, 0x0000000714e00000, 0x0000000714e00000|100%| E|CS|TAMS 0x0000000714d00000, 0x0000000714d00000| Complete 
| 288|0x0000000714e00000, 0x0000000714f00000, 0x0000000714f00000|100%| E|CS|TAMS 0x0000000714e00000, 0x0000000714e00000| Complete 
| 289|0x0000000714f00000, 0x0000000715000000, 0x0000000715000000|100%| E|CS|TAMS 0x0000000714f00000, 0x0000000714f00000| Complete 
| 290|0x0000000715000000, 0x0000000715100000, 0x0000000715100000|100%| E|CS|TAMS 0x0000000715000000, 0x0000000715000000| Complete 
| 291|0x0000000715100000, 0x0000000715200000, 0x0000000715200000|100%| E|CS|TAMS 0x0000000715100000, 0x0000000715100000| Complete 
| 292|0x0000000715200000, 0x0000000715300000, 0x0000000715300000|100%| E|CS|TAMS 0x0000000715200000, 0x0000000715200000| Complete 
| 293|0x0000000715300000, 0x0000000715400000, 0x0000000715400000|100%| E|CS|TAMS 0x0000000715300000, 0x0000000715300000| Complete 
| 294|0x0000000715400000, 0x0000000715500000, 0x0000000715500000|100%| E|CS|TAMS 0x0000000715400000, 0x0000000715400000| Complete 
| 295|0x0000000715500000, 0x0000000715600000, 0x0000000715600000|100%| E|CS|TAMS 0x0000000715500000, 0x0000000715500000| Complete 
| 296|0x0000000715600000, 0x0000000715700000, 0x0000000715700000|100%| E|CS|TAMS 0x0000000715600000, 0x0000000715600000| Complete 
| 297|0x0000000715700000, 0x0000000715800000, 0x0000000715800000|100%| E|CS|TAMS 0x0000000715700000, 0x0000000715700000| Complete 
| 298|0x0000000715800000, 0x0000000715900000, 0x0000000715900000|100%| E|CS|TAMS 0x0000000715800000, 0x0000000715800000| Complete 
| 299|0x0000000715900000, 0x0000000715a00000, 0x0000000715a00000|100%| E|CS|TAMS 0x0000000715900000, 0x0000000715900000| Complete 
| 300|0x0000000715a00000, 0x0000000715b00000, 0x0000000715b00000|100%| E|CS|TAMS 0x0000000715a00000, 0x0000000715a00000| Complete 
| 301|0x0000000715b00000, 0x0000000715c00000, 0x0000000715c00000|100%| E|CS|TAMS 0x0000000715b00000, 0x0000000715b00000| Complete 
| 302|0x0000000715c00000, 0x0000000715d00000, 0x0000000715d00000|100%| E|CS|TAMS 0x0000000715c00000, 0x0000000715c00000| Complete 
| 303|0x0000000715d00000, 0x0000000715e00000, 0x0000000715e00000|100%| E|CS|TAMS 0x0000000715d00000, 0x0000000715d00000| Complete 
| 304|0x0000000715e00000, 0x0000000715f00000, 0x0000000715f00000|100%| E|CS|TAMS 0x0000000715e00000, 0x0000000715e00000| Complete 

Card table byte_map: [0x0000022635430000,0x0000022635c20000] _byte_map_base: 0x0000022631c19000

Marking Bits (Prev, Next): (CMBitMap*) 0x000002261d4cb290, (CMBitMap*) 0x000002261d4cb258
 Prev Bits: [0x000002263a360000, 0x000002263e2a8000)
 Next Bits: [0x0000022636410000, 0x000002263a358000)

Polling page: 0x000002261cc40000

Metaspace:

Usage:
  Non-class:     54.83 MB capacity,    53.65 MB ( 98%) used,   972.02 KB (  2%) free+waste,   233.19 KB ( <1%) overhead. 
      Class:      8.77 MB capacity,     8.00 MB ( 91%) used,   672.38 KB (  7%) free+waste,   114.06 KB (  1%) overhead. 
       Both:     63.60 MB capacity,    61.66 MB ( 97%) used,     1.61 MB (  3%) free+waste,   347.25 KB ( <1%) overhead. 

Virtual space:
  Non-class space:       56.00 MB reserved,      54.90 MB ( 98%) committed 
      Class space:        1.00 GB reserved,       8.88 MB ( <1%) committed 
             Both:        1.05 GB reserved,      63.78 MB (  6%) committed 

Chunk freelists:
   Non-Class:  1.13 KB
       Class:  1.13 KB
        Both:  2.25 KB

CodeHeap 'non-profiled nmethods': size=238336Kb used=8322Kb max_used=8322Kb free=230013Kb
 bounds [0x0000022626050000, 0x0000022626880000, 0x0000022634910000]
CodeHeap 'non-nmethods': size=7424Kb used=1262Kb max_used=1262Kb free=6161Kb
 bounds [0x0000022625910000, 0x0000022625b80000, 0x0000022626050000]
 total_blobs=6005 nmethods=5369 adapters=560
 compilation: enabled
              stopped_count=0, restarted_count=0
 full_count=0

Compilation events (10 events):
Event: 174.054 Thread 0x0000022641740000 5365       1       javax.crypto.Cipher::init (127 bytes)
Event: 174.056 Thread 0x0000022641740000 nmethod 5365 0x000002262686ee90 code [0x000002262686f060, 0x000002262686f318]
Event: 174.056 Thread 0x0000022641740000 5366       1       javax.crypto.Cipher::checkOpmode (21 bytes)
Event: 174.056 Thread 0x0000022641740000 nmethod 5366 0x000002262686f490 code [0x000002262686f640, 0x000002262686f7a8]
Event: 174.056 Thread 0x0000022641740000 5367       1       javax.crypto.Cipher::checkCryptoPerm (56 bytes)
Event: 174.056 Thread 0x0000022641740000 nmethod 5367 0x000002262686f890 code [0x000002262686fa80, 0x000002262686fd78]
Event: 174.056 Thread 0x0000022641740000 5368       1       com.sun.crypto.provider.AESCipher::engineInit (26 bytes)
Event: 174.056 Thread 0x0000022641740000 nmethod 5368 0x000002262686ff10 code [0x00000226268700c0, 0x00000226268701f8]
Event: 174.057 Thread 0x0000022641740000 5369       1       javax.crypto.Cipher::updateAAD (54 bytes)
Event: 174.057 Thread 0x0000022641740000 nmethod 5369 0x0000022626870310 code [0x00000226268704e0, 0x0000022626870738]

GC Heap History (10 events):
Event: 3.202 GC heap before
{Heap before GC invocations=4 (full 0):
 garbage-first heap   total 260096K, used 72804K [0x0000000702e00000, 0x0000000800000000)
  region size 1024K, 68 young (69632K), 5 survivors (5120K)
 Metaspace       used 24447K, capacity 25246K, committed 25392K, reserved 1071104K
  class space    used 2877K, capacity 3186K, committed 3200K, reserved 1048576K
}
Event: 3.210 GC heap after
{Heap after GC invocations=5 (full 0):
 garbage-first heap   total 260096K, used 10720K [0x0000000702e00000, 0x0000000800000000)
  region size 1024K, 4 young (4096K), 4 survivors (4096K)
 Metaspace       used 24447K, capacity 25246K, committed 25392K, reserved 1071104K
  class space    used 2877K, capacity 3186K, committed 3200K, reserved 1048576K
}
Event: 4.251 GC heap before
{Heap before GC invocations=5 (full 0):
 garbage-first heap   total 260096K, used 104928K [0x0000000702e00000, 0x0000000800000000)
  region size 1024K, 97 young (99328K), 4 survivors (4096K)
 Metaspace       used 32932K, capacity 34278K, committed 34608K, reserved 1079296K
  class space    used 4121K, capacity 4643K, committed 4736K, reserved 1048576K
}
Event: 4.262 GC heap after
{Heap after GC invocations=6 (full 0):
 garbage-first heap   total 260096K, used 15283K [0x0000000702e00000, 0x0000000800000000)
  region size 1024K, 8 young (8192K), 8 survivors (8192K)
 Metaspace       used 32932K, capacity 34278K, committed 34608K, reserved 1079296K
  class space    used 4121K, capacity 4643K, committed 4736K, reserved 1048576K
}
Event: 4.605 GC heap before
{Heap before GC invocations=6 (full 0):
 garbage-first heap   total 260096K, used 110515K [0x0000000702e00000, 0x0000000800000000)
  region size 1024K, 103 young (105472K), 8 survivors (8192K)
 Metaspace       used 34406K, capacity 35760K, committed 35888K, reserved 1081344K
  class space    used 4301K, capacity 4882K, committed 4992K, reserved 1048576K
}
Event: 4.617 GC heap after
{Heap after GC invocations=7 (full 0):
 garbage-first heap   total 260096K, used 16391K [0x0000000702e00000, 0x0000000800000000)
  region size 1024K, 9 young (9216K), 9 survivors (9216K)
 Metaspace       used 34406K, capacity 35760K, committed 35888K, reserved 1081344K
  class space    used 4301K, capacity 4882K, committed 4992K, reserved 1048576K
}
Event: 7.444 GC heap before
{Heap before GC invocations=8 (full 0):
 garbage-first heap   total 260096K, used 146439K [0x0000000702e00000, 0x0000000800000000)
  region size 1024K, 136 young (139264K), 9 survivors (9216K)
 Metaspace       used 55931K, capacity 57608K, committed 57776K, reserved 1099776K
  class space    used 7256K, capacity 7935K, committed 7936K, reserved 1048576K
}
Event: 7.459 GC heap after
{Heap after GC invocations=9 (full 0):
 garbage-first heap   total 260096K, used 22986K [0x0000000702e00000, 0x0000000800000000)
  region size 1024K, 16 young (16384K), 16 survivors (16384K)
 Metaspace       used 55931K, capacity 57608K, committed 57776K, reserved 1099776K
  class space    used 7256K, capacity 7935K, committed 7936K, reserved 1048576K
}
Event: 7.842 GC heap before
{Heap before GC invocations=9 (full 0):
 garbage-first heap   total 260096K, used 53706K [0x0000000702e00000, 0x0000000800000000)
  region size 1024K, 47 young (48128K), 16 survivors (16384K)
 Metaspace       used 58300K, capacity 60119K, committed 60208K, reserved 1101824K
  class space    used 7584K, capacity 8301K, committed 8320K, reserved 1048576K
}
Event: 7.866 GC heap after
{Heap after GC invocations=10 (full 0):
 garbage-first heap   total 312320K, used 24824K [0x0000000702e00000, 0x0000000800000000)
  region size 1024K, 10 young (10240K), 10 survivors (10240K)
 Metaspace       used 58300K, capacity 60119K, committed 60208K, reserved 1101824K
  class space    used 7584K, capacity 8301K, committed 8320K, reserved 1048576K
}

Deoptimization events (0 events):
No events

Classes redefined (0 events):
No events

Internal exceptions (10 events):
Event: 7.777 Thread 0x0000022642d2c000 Exception <a 'java/lang/NoSuchMethodError'{0x00000007111de9e8}: java.lang.invoke.DirectMethodHandle$Holder.invokeVirtual(Ljava/lang/Object;Ljava/lang/Object;I)V> (0x00000007111de9e8) thrown at [./open/src/hotspot/share/interpreter/linkResolver.cpp, line 7
Event: 7.779 Thread 0x0000022642d2c000 Exception <a 'java/lang/NoSuchMethodError'{0x00000007111f85a0}: java.lang.invoke.DirectMethodHandle$Holder.invokeVirtual(Ljava/lang/Object;Ljava/lang/Object;J)V> (0x00000007111f85a0) thrown at [./open/src/hotspot/share/interpreter/linkResolver.cpp, line 7
Event: 7.797 Thread 0x00000226433ab800 Exception <a 'java/lang/reflect/InvocationTargetException'{0x0000000710f096d0}> (0x0000000710f096d0) thrown at [./open/src/hotspot/share/runtime/reflection.cpp, line 1242]
Event: 7.936 Thread 0x0000022642d2c000 Exception <a 'java/lang/IncompatibleClassChangeError'{0x0000000715cfe728}: Found class java.lang.Object, but interface was expected> (0x0000000715cfe728) thrown at [./open/src/hotspot/share/interpreter/linkResolver.cpp, line 838]
Event: 8.064 Thread 0x0000022642d2c000 Exception <a 'java/lang/NoSuchMethodError'{0x000000071526fbc8}: java.lang.invoke.DirectMethodHandle$Holder.invokeSpecial(Ljava/lang/Object;Ljava/lang/Object;ILjava/lang/Object;ILjava/lang/Object;)Ljava/lang/Object;> (0x000000071526fbc8) thrown at [./open/
Event: 8.065 Thread 0x0000022642d2c000 Exception <a 'java/lang/NoSuchMethodError'{0x0000000715277350}: java.lang.invoke.DirectMethodHandle$Holder.invokeStatic(Ljava/lang/Object;Ljava/lang/Object;ILjava/lang/Object;I)Ljava/lang/Object;> (0x0000000715277350) thrown at [./open/src/hotspot/share/i
Event: 8.065 Thread 0x0000022642d2c000 Exception <a 'java/lang/NoSuchMethodError'{0x000000071527ab28}: java.lang.invoke.DirectMethodHandle$Holder.invokeSpecial(Ljava/lang/Object;Ljava/lang/Object;Ljava/lang/Object;ILjava/lang/Object;I)Ljava/lang/Object;> (0x000000071527ab28) thrown at [./open/
Event: 8.066 Thread 0x0000022642d2c000 Exception <a 'java/lang/NoSuchMethodError'{0x00000007152875d8}: java.lang.invoke.DirectMethodHandle$Holder.invokeVirtual(Ljava/lang/Object;Ljava/lang/Object;)V> (0x00000007152875d8) thrown at [./open/src/hotspot/share/interpreter/linkResolver.cpp, line 77
Event: 173.971 Thread 0x0000022643924800 Exception <a 'java/lang/NoSuchMethodError'{0x000000071391a3b8}: java.lang.invoke.DirectMethodHandle$Holder.invokeInterface(Ljava/lang/Object;Ljava/lang/Object;Ljava/lang/Object;Ljava/lang/Object;)Ljava/lang/Object;> (0x000000071391a3b8) thrown at [./open/
Event: 174.011 Thread 0x0000022643924800 Exception <a 'java/lang/NoSuchMethodError'{0x00000007138403d8}: java.lang.invoke.DirectMethodHandle$Holder.invokeStaticInit(Ljava/lang/Object;Ljava/lang/Object;Ljava/lang/Object;Ljava/lang/Object;Ljava/lang/Object;Ljava/lang/Object;)Ljava/lang/Object;> (0

Events (10 events):
Event: 174.066 loading class com/fasterxml/jackson/databind/type/TypeBindings$AsKey
Event: 174.066 loading class com/fasterxml/jackson/databind/type/TypeBindings$AsKey done
Event: 174.066 loading class com/fasterxml/jackson/databind/type/ResolvedRecursiveType
Event: 174.066 loading class com/fasterxml/jackson/databind/type/ResolvedRecursiveType done
Event: 174.067 loading class com/fasterxml/jackson/databind/type/CollectionType
Event: 174.067 loading class com/fasterxml/jackson/databind/type/CollectionType done
Event: 174.068 loading class com/fasterxml/jackson/databind/type/CollectionLikeType
Event: 174.068 loading class com/fasterxml/jackson/databind/type/CollectionLikeType done
Event: 174.069 loading class com/fasterxml/jackson/databind/introspect/AnnotationCollector$EmptyCollector
Event: 174.069 loading class com/fasterxml/jackson/databind/introspect/AnnotationCollector$EmptyCollector done


Dynamic libraries:
0x00007ff6e6310000 - 0x00007ff6e631f000 	C:\Program Files\Java\jdk-11.0.11\bin\java.exe
0x00007ffaba2b0000 - 0x00007ffaba4a5000 	C:\WINDOWS\SYSTEM32\ntdll.dll
0x00007ffab9cf0000 - 0x00007ffab9dae000 	C:\WINDOWS\System32\KERNEL32.DLL
0x00007ffab7c10000 - 0x00007ffab7ed8000 	C:\WINDOWS\System32\KERNELBASE.dll
0x00007ffab7a30000 - 0x00007ffab7b30000 	C:\WINDOWS\System32\ucrtbase.dll
0x00007ffaac640000 - 0x00007ffaac658000 	C:\Program Files\Java\jdk-11.0.11\bin\jli.dll
0x00007ffab9a20000 - 0x00007ffab9acc000 	C:\WINDOWS\System32\ADVAPI32.dll
0x00007ffaabe60000 - 0x00007ffaabe75000 	C:\Program Files\Java\jdk-11.0.11\bin\VCRUNTIME140.dll
0x00007ffab9980000 - 0x00007ffab9a1e000 	C:\WINDOWS\System32\msvcrt.dll
0x00007ffab9c50000 - 0x00007ffab9ceb000 	C:\WINDOWS\System32\sechost.dll
0x00007ffab8300000 - 0x00007ffab842a000 	C:\WINDOWS\System32\RPCRT4.dll
0x00007ffab8e70000 - 0x00007ffab9011000 	C:\WINDOWS\System32\USER32.dll
0x00007ffab8120000 - 0x00007ffab8142000 	C:\WINDOWS\System32\win32u.dll
0x00007ffab8e40000 - 0x00007ffab8e6b000 	C:\WINDOWS\System32\GDI32.dll
0x00007ffaa2580000 - 0x00007ffaa281a000 	C:\WINDOWS\WinSxS\amd64_microsoft.windows.common-controls_6595b64144ccf1df_6.0.19041.1110_none_60b5254171f9507e\COMCTL32.dll
0x00007ffab81f0000 - 0x00007ffab82fb000 	C:\WINDOWS\System32\gdi32full.dll
0x00007ffab8150000 - 0x00007ffab81ed000 	C:\WINDOWS\System32\msvcp_win.dll
0x00007ffaab9c0000 - 0x00007ffaab9ca000 	C:\WINDOWS\SYSTEM32\VERSION.dll
0x00007ffab8c80000 - 0x00007ffab8cb0000 	C:\WINDOWS\System32\IMM32.DLL
0x00007ffaab460000 - 0x00007ffaab4fb000 	C:\Program Files\Java\jdk-11.0.11\bin\msvcp140.dll
0x00007ffa3ecd0000 - 0x00007ffa3f7ce000 	C:\Program Files\Java\jdk-11.0.11\bin\server\jvm.dll
0x00007ffab8b70000 - 0x00007ffab8b78000 	C:\WINDOWS\System32\PSAPI.DLL
0x00007ffa9d150000 - 0x00007ffa9d159000 	C:\WINDOWS\SYSTEM32\WSOCK32.dll
0x00007ffab95d0000 - 0x00007ffab963b000 	C:\WINDOWS\System32\WS2_32.dll
0x00007ffaa29e0000 - 0x00007ffaa2a07000 	C:\WINDOWS\SYSTEM32\WINMM.dll
0x00007ffab6210000 - 0x00007ffab6222000 	C:\WINDOWS\SYSTEM32\kernel.appcore.dll
0x00007ffaadd50000 - 0x00007ffaadd60000 	C:\Program Files\Java\jdk-11.0.11\bin\verify.dll
0x00007ffab5620000 - 0x00007ffab5804000 	C:\WINDOWS\SYSTEM32\DBGHELP.DLL
0x00007ffa9d490000 - 0x00007ffa9d4bc000 	C:\WINDOWS\SYSTEM32\dbgcore.DLL
0x00007ffab7ee0000 - 0x00007ffab7f63000 	C:\WINDOWS\System32\bcryptPrimitives.dll
0x00007ffaabe30000 - 0x00007ffaabe58000 	C:\Program Files\Java\jdk-11.0.11\bin\java.dll
0x00007ffaadc60000 - 0x00007ffaadc6a000 	C:\Program Files\Java\jdk-11.0.11\bin\jimage.dll
0x00007ffab4d60000 - 0x00007ffab4d6e000 	C:\Program Files\Java\jdk-11.0.11\bin\instrument.dll
0x00007ffaabe10000 - 0x00007ffaabe26000 	C:\Program Files\Java\jdk-11.0.11\bin\zip.dll
0x00007ffab8430000 - 0x00007ffab8b6f000 	C:\WINDOWS\System32\SHELL32.dll
0x00007ffab5a70000 - 0x00007ffab6200000 	C:\WINDOWS\SYSTEM32\windows.storage.dll
0x00007ffab9db0000 - 0x00007ffaba105000 	C:\WINDOWS\System32\combase.dll
0x00007ffab7340000 - 0x00007ffab736e000 	C:\WINDOWS\SYSTEM32\Wldp.dll
0x00007ffab98d0000 - 0x00007ffab997d000 	C:\WINDOWS\System32\SHCORE.dll
0x00007ffab9640000 - 0x00007ffab9695000 	C:\WINDOWS\System32\shlwapi.dll
0x00007ffab7910000 - 0x00007ffab792f000 	C:\WINDOWS\SYSTEM32\profapi.dll
0x00007ffaabdf0000 - 0x00007ffaabe09000 	C:\Program Files\Java\jdk-11.0.11\bin\net.dll
0x00007ffaac4c0000 - 0x00007ffaac5cc000 	C:\WINDOWS\SYSTEM32\WINHTTP.dll
0x00007ffab7120000 - 0x00007ffab718a000 	C:\WINDOWS\system32\mswsock.dll
0x00007ffa959c0000 - 0x00007ffa959d2000 	C:\Program Files\Java\jdk-11.0.11\bin\nio.dll
0x00007ffaadd30000 - 0x00007ffaadd4a000 	C:\Program Files\JetBrains\IntelliJ IDEA 2021.2.2\bin\breakgen64.dll
0x00007ffab6e30000 - 0x00007ffab6efb000 	C:\WINDOWS\SYSTEM32\DNSAPI.dll
0x00007ffab6de0000 - 0x00007ffab6e1b000 	C:\WINDOWS\SYSTEM32\IPHLPAPI.DLL
0x00007ffab8c70000 - 0x00007ffab8c78000 	C:\WINDOWS\System32\NSI.dll
0x00007ffaa7d10000 - 0x00007ffaa7d1a000 	C:\Windows\System32\rasadhlp.dll
0x00007ffaa7620000 - 0x00007ffaa769f000 	C:\WINDOWS\System32\fwpuclnt.dll
0x00007ffab7be0000 - 0x00007ffab7c07000 	C:\WINDOWS\System32\bcrypt.dll
0x00007ffaa4d60000 - 0x00007ffaa4d69000 	C:\Program Files\Java\jdk-11.0.11\bin\management.dll
0x00007ffaa3c70000 - 0x00007ffaa3c7b000 	C:\Program Files\Java\jdk-11.0.11\bin\management_ext.dll
0x00007ffab7380000 - 0x00007ffab7398000 	C:\WINDOWS\SYSTEM32\CRYPTSP.dll
0x00007ffab6a50000 - 0x00007ffab6a84000 	C:\WINDOWS\system32\rsaenh.dll
0x00007ffab78d0000 - 0x00007ffab78fe000 	C:\WINDOWS\SYSTEM32\USERENV.dll
0x00007ffab72b0000 - 0x00007ffab72bc000 	C:\WINDOWS\SYSTEM32\CRYPTBASE.dll
0x00007ffaabc10000 - 0x00007ffaabc27000 	C:\WINDOWS\SYSTEM32\dhcpcsvc6.DLL
0x00007ffaabbf0000 - 0x00007ffaabc0d000 	C:\WINDOWS\SYSTEM32\dhcpcsvc.DLL
0x00007ffa9b240000 - 0x00007ffa9b257000 	C:\WINDOWS\system32\napinsp.dll
0x00007ffa9b1a0000 - 0x00007ffa9b1bb000 	C:\WINDOWS\system32\pnrpnsp.dll
0x00007ffab20d0000 - 0x00007ffab20e5000 	C:\WINDOWS\system32\wshbth.dll
0x00007ffab3480000 - 0x00007ffab349d000 	C:\WINDOWS\system32\NLAapi.dll
0x00007ffa9b040000 - 0x00007ffa9b052000 	C:\WINDOWS\System32\winrnr.dll
0x00007ffaad5d0000 - 0x00007ffaad5f5000 	C:\Program Files\Java\jdk-11.0.11\bin\sunec.dll
0x00007ffab4680000 - 0x00007ffab468d000 	C:\Program Files\Java\jdk-11.0.11\bin\sunmscapi.dll
0x00007ffab7f70000 - 0x00007ffab80c6000 	C:\WINDOWS\System32\CRYPT32.dll
0x00007ffab7490000 - 0x00007ffab74b7000 	C:\WINDOWS\SYSTEM32\ncrypt.dll
0x00007ffab7450000 - 0x00007ffab748b000 	C:\WINDOWS\SYSTEM32\NTASN1.dll

dbghelp: loaded successfully - version: 4.0.5 - missing functions: none
symbol engine: initialized successfully - sym options: 0x614 - pdb path: .;C:\Program Files\Java\jdk-11.0.11\bin;C:\WINDOWS\SYSTEM32;C:\WINDOWS\WinSxS\amd64_microsoft.windows.common-controls_6595b64144ccf1df_6.0.19041.1110_none_60b5254171f9507e;C:\Program Files\Java\jdk-11.0.11\bin\server;C:\Program Files\JetBrains\IntelliJ IDEA 2021.2.2\bin

VM Arguments:
jvm_args: -XX:TieredStopAtLevel=1 -Xverify:none -Dspring.output.ansi.enabled=always -javaagent:C:\Program Files\JetBrains\IntelliJ IDEA 2021.2.2\lib\idea_rt.jar=60742:C:\Program Files\JetBrains\IntelliJ IDEA 2021.2.2\bin -Dcom.sun.management.jmxremote -Dspring.jmx.enabled=true -Dspring.liveBeansView.mbeanDomain -Dspring.application.admin.enabled=true -Dfile.encoding=UTF-8 
java_command: com.adopter.gallery.PaymentApplication
java_class_path (initial): D:\untactgallery_project\untactgallery\payment\build\classes\java\main;D:\untactgallery_project\untactgallery\payment\build\resources\main;C:\Users\pc1\.gradle\caches\modules-2\files-2.1\org.projectlombok\lombok\1.18.22\9c08ea24c6eb714e2d6170e8122c069a0ba9aacf\lombok-1.18.22.jar;C:\Users\pc1\.gradle\caches\modules-2\files-2.1\org.springframework.boot\spring-boot-starter-data-jpa\2.5.6\8d7fe99c33e09390316749614d9795d80b49207b\spring-boot-starter-data-jpa-2.5.6.jar;C:\Users\pc1\.gradle\caches\modules-2\files-2.1\org.springframework.boot\spring-boot-starter-web\2.5.6\46b479490170914f7477b96a21241183b181c24d\spring-boot-starter-web-2.5.6.jar;C:\Users\pc1\.gradle\caches\modules-2\files-2.1\org.springframework.boot\spring-boot-starter-aop\2.5.6\c5db1260ecf447f55419f1a17da75a42f211aca3\spring-boot-starter-aop-2.5.6.jar;C:\Users\pc1\.gradle\caches\modules-2\files-2.1\org.springframework.boot\spring-boot-starter-jdbc\2.5.6\cf01e787378c2d30b695f0c9f76fb48a6b490984\spring-boot-starter-jdbc-2.5.6.jar;C:\Users\pc1\.gradle\caches\modules-2\files-2.1\jakarta.transaction\jakarta.transaction-api\1.3.3\c4179d48720a1e87202115fbed6089bdc4195405\jakarta.transaction-api-1.3.3.jar;C:\Users\pc1\.gradle\caches\modules-2\files-2.1\jakarta.persistence\jakarta.persistence-api\2.2.3\8f6ea5daedc614f07a3654a455660145286f024e\jakarta.persistence-api-2.2.3.jar;C:\Users\pc1\.gradle\caches\modules-2\files-2.1\org.hibernate\hibernate-core\5.4.32.Final\99a5e10bf455337014c190e141ec631e9ff71663\hibernate-core-5.4.32.Final.jar;C:\Users\pc1\.gradle\caches\modules-2\files-2.1\org.springframework.data\spring-data-jpa\2.5.6\8e0ec2f54f3fcda49dfb3123f3a40f34b55df92a\spring-data-jpa-2.5.6.jar;C:\Users\pc1\.gradle\caches\modules-2\files-2.1\org.springframework\spring-aspects\5.3.12\3cccc3052c6973c059eb2be7c4baf0b9558d49b7\spring-aspects-5.3.12.jar;C:\Users\pc1\.gradle\caches\modules-2\files-2.1\org.springframework.boot\spring-boot-starter-json\2.5.6\6ef5a7087e18ed4f3736c8752440ecd489c
Launcher Type: SUN_STANDARD

[Global flags]
     bool BytecodeVerificationLocal                = false                                     {product} {command line}
     bool BytecodeVerificationRemote               = false                                     {product} {command line}
     intx CICompilerCount                          = 4                                         {product} {ergonomic}
     uint ConcGCThreads                            = 2                                         {product} {ergonomic}
     uint G1ConcRefinementThreads                  = 8                                         {product} {ergonomic}
   size_t G1HeapRegionSize                         = 1048576                                   {product} {ergonomic}
    uintx GCDrainStackTargetSize                   = 64                                        {product} {ergonomic}
   size_t InitialHeapSize                          = 266338304                                 {product} {ergonomic}
     bool ManagementServer                         = true                                      {product} {command line}
   size_t MarkStackSize                            = 4194304                                   {product} {ergonomic}
   size_t MaxHeapSize                              = 4246732800                                {product} {ergonomic}
   size_t MaxNewSize                               = 2548039680                                {product} {ergonomic}
   size_t MinHeapDeltaBytes                        = 1048576                                   {product} {ergonomic}
    uintx NonNMethodCodeHeapSize                   = 7549744                                {pd product} {ergonomic}
    uintx NonProfiledCodeHeapSize                  = 244108496                              {pd product} {ergonomic}
    uintx ProfiledCodeHeapSize                     = 0                                      {pd product} {ergonomic}
    uintx ReservedCodeCacheSize                    = 251658240                              {pd product} {ergonomic}
     bool SegmentedCodeCache                       = true                                      {product} {ergonomic}
     intx TieredStopAtLevel                        = 1                                         {product} {command line}
     bool UseCompressedClassPointers               = true                                 {lp64_product} {ergonomic}
     bool UseCompressedOops                        = true                                 {lp64_product} {ergonomic}
     bool UseG1GC                                  = true                                      {product} {ergonomic}
     bool UseLargePagesIndividualAllocation        = false                                  {pd product} {ergonomic}

Logging:
Log output configuration:
 #0: stdout all=warning uptime,level,tags
 #1: stderr all=off uptime,level,tags

Environment Variables:
JAVA_HOME=C:\Program Files\Java\jdk-11.0.11
PATH=C:\Program Files (x86)\Common Files\Oracle\Java\javapath;D:\util\apache-maven-3.8.2\bin;C:\Program Files (x86)\VMware\VMware Workstation\bin\;C:\oraclexe\app\oracle\product\11.2.0\server\bin;C:\oraclexe\app\oracle\product\11.2.0\server\bin;C:\Program Files\Common Files\Oracle\Java\javapath;C:\WINDOWS\system32;C:\WINDOWS;C:\WINDOWS\System32\Wbem;C:\WINDOWS\System32\WindowsPowerShell\v1.0\;C:\WINDOWS\System32\OpenSSH\;C:\Program Files\Git\cmd;C:\HashiCorp\Vagrant\bin;C:\Program Files\PuTTY\;C:\Program Files (x86)\Bitvise SSH Client;C:\Program Files\nodejs\;C:\Program Files\Amazon\AWSCLI\bin\;C:\Program Files\Docker\Docker\resources\bin;C:\ProgramData\DockerDesktop\version-bin;C:\Users\pc1\AppData\Local\Microsoft\WindowsApps;C:\Program Files\Bandizip\;C:\Users\pc1\AppData\Roaming\npm;C:\Users\pc1\AppData\Local\Programs\Microsoft VS Code\bin;C:\Users\pc1\AppData\Local\GitHubDesktop\bin
USERNAME=pc1
OS=Windows_NT
PROCESSOR_IDENTIFIER=Intel64 Family 6 Model 142 Stepping 12, GenuineIntel



---------------  S Y S T E M  ---------------

OS: Windows 10 , 64 bit Build 19041 (10.0.19041.1348)
Hyper-V role detected

CPU:total 8 (initial active 8) (4 cores per cpu, 2 threads per core) family 6 model 142 stepping 12 microcode 0xca, cmov, cx8, fxsr, mmx, sse, sse2, sse3, ssse3, sse4.1, sse4.2, popcnt, avx, avx2, aes, clmul, erms, 3dnowpref, lzcnt, ht, tsc, tscinvbit, bmi1, bmi2, adx, fma

Memory: 4k page, system-wide physical 16197M (5927M free)
TotalPageFile size 21829M (AvailPageFile size 6336M)
current process WorkingSet (physical memory assigned to process): 335M, peak: 335M
current process commit charge ("private bytes"): 485M, peak: 485M

vm_info: Java HotSpot(TM) 64-Bit Server VM (11.0.11+9-LTS-194) for windows-amd64 JRE (11.0.11+9-LTS-194), built on Mar 18 2021 18:46:53 by "mach5one" with MS VC++ 15.9 (VS2017)

END.
